#
# There is insufficient memory for the Java Runtime Environment to continue.
# Native memory allocation (malloc) failed to allocate 32744 bytes for ChunkPool::allocate
# Possible reasons:
#   The system is out of physical RAM or swap space
#   The process is running with CompressedOops enabled, and the Java Heap may be blocking the growth of the native heap
# Possible solutions:
#   Reduce memory load on the system
#   Increase physical memory or swap space
#   Check if swap backing store is full
#   Decrease Java heap size (-Xmx/-Xms)
#   Decrease number of Java threads
#   Decrease Java thread stack sizes (-Xss)
#   Set larger code cache with -XX:ReservedCodeCacheSize=
#   JVM is running with Unscaled Compressed Oops mode in which the Java heap is
#     placed in the first 4GB address space. The Java Heap base address is the
#     maximum limit for the native heap growth. Please use -XX:HeapBaseMinAddress
#     to set the Java Heap base and to place the Java Heap above 4GB virtual address.
# This output file may be truncated or incomplete.
#
#  Out of Memory Error (arena.cpp:78), pid=28156, tid=2220
#
# JRE version: Java(TM) SE Runtime Environment (17.0.12+8) (build 17.0.12+8-LTS-286)
# Java VM: Java HotSpot(TM) 64-Bit Server VM (17.0.12+8-LTS-286, mixed mode, sharing, tiered, compressed oops, compressed class ptrs, g1 gc, windows-amd64)
# No core dump will be written. Minidumps are not enabled by default on client versions of Windows
#

---------------  S U M M A R Y ------------

Command Line: -Xmx64m -Xms64m -Dorg.gradle.appname=gradlew org.gradle.wrapper.GradleWrapperMain app:installDebug -PreactNativeDevServerPort=8081

Host: Intel(R) Core(TM) i5-9300H CPU @ 2.40GHz, 8 cores, 7G,  Windows 11 , 64 bit Build 22621 (10.0.22621.4391)
Time: Wed Dec 11 22:48:04 2024 Mountain Standard Time elapsed time: 551.487497 seconds (0d 0h 9m 11s)

---------------  T H R E A D  ---------------

Current thread (0x000001e9339288b0):  JavaThread "C2 CompilerThread0" daemon [_thread_in_native, id=2220, stack(0x000000839ea00000,0x000000839eb00000)]


Current CompileTask:
C2: 551487 1880       4       org.gradle.internal.time.MonotonicClock::getCurrentTime (70 bytes)

Stack: [0x000000839ea00000,0x000000839eb00000]
Native frames: (J=compiled Java code, j=interpreted, Vv=VM code, C=native code)
V  [jvm.dll+0x67a04a]
V  [jvm.dll+0x7da4ed]
V  [jvm.dll+0x7dbe33]
V  [jvm.dll+0x7dc4a3]
V  [jvm.dll+0x24508f]
V  [jvm.dll+0xab9a4]
V  [jvm.dll+0xabd3c]
V  [jvm.dll+0xab884]
V  [jvm.dll+0x69f4b5]
V  [jvm.dll+0x1a6ff3]
V  [jvm.dll+0x69d9c9]
V  [jvm.dll+0x21f368]
V  [jvm.dll+0x21837b]
V  [jvm.dll+0x215b65]
V  [jvm.dll+0x1a2960]
V  [jvm.dll+0x22610b]
V  [jvm.dll+0x2242ab]
V  [jvm.dll+0x79075c]
V  [jvm.dll+0x78abea]
V  [jvm.dll+0x678f35]
C  [ucrtbase.dll+0x29333]
C  [KERNEL32.DLL+0x1259d]
C  [ntdll.dll+0x5af38]


---------------  P R O C E S S  ---------------

Threads class SMR info:
_java_thread_list=0x000001e98ede20d0, length=13, elements={
0x000001e9338647a0, 0x000001e93390d100, 0x000001e93390df80, 0x000001e933922db0,
0x000001e933926790, 0x000001e933927150, 0x000001e933927b10, 0x000001e9339288b0,
0x000001e933929770, 0x000001e93392c180, 0x000001e98e17bbd0, 0x000001e98e187e00,
0x000001e98eb65040
}

Java Threads: ( => current thread )
  0x000001e9338647a0 JavaThread "main" [_thread_in_native, id=28248, stack(0x000000839dd00000,0x000000839de00000)]
  0x000001e93390d100 JavaThread "Reference Handler" daemon [_thread_blocked, id=6916, stack(0x000000839e400000,0x000000839e500000)]
  0x000001e93390df80 JavaThread "Finalizer" daemon [_thread_blocked, id=23980, stack(0x000000839e500000,0x000000839e600000)]
  0x000001e933922db0 JavaThread "Signal Dispatcher" daemon [_thread_blocked, id=26008, stack(0x000000839e600000,0x000000839e700000)]
  0x000001e933926790 JavaThread "Attach Listener" daemon [_thread_blocked, id=22100, stack(0x000000839e700000,0x000000839e800000)]
  0x000001e933927150 JavaThread "Service Thread" daemon [_thread_blocked, id=22668, stack(0x000000839e800000,0x000000839e900000)]
  0x000001e933927b10 JavaThread "Monitor Deflation Thread" daemon [_thread_blocked, id=17852, stack(0x000000839e900000,0x000000839ea00000)]
=>0x000001e9339288b0 JavaThread "C2 CompilerThread0" daemon [_thread_in_native, id=2220, stack(0x000000839ea00000,0x000000839eb00000)]
  0x000001e933929770 JavaThread "C1 CompilerThread0" daemon [_thread_blocked, id=17800, stack(0x000000839eb00000,0x000000839ec00000)]
  0x000001e93392c180 JavaThread "Sweeper thread" daemon [_thread_blocked, id=19864, stack(0x000000839ec00000,0x000000839ed00000)]
  0x000001e98e17bbd0 JavaThread "Notification Thread" daemon [_thread_blocked, id=26284, stack(0x000000839ed00000,0x000000839ee00000)]
  0x000001e98e187e00 JavaThread "Common-Cleaner" daemon [_thread_blocked, id=28032, stack(0x000000839ef00000,0x000000839f000000)]
  0x000001e98eb65040 JavaThread "pool-1-thread-1" [_thread_blocked, id=8228, stack(0x000000839f300000,0x000000839f400000)]

Other Threads:
  0x000001e933904f20 VMThread "VM Thread" [stack: 0x000000839e300000,0x000000839e400000] [id=21172]
  0x000001e98e184560 WatcherThread [stack: 0x000000839ee00000,0x000000839ef00000] [id=28028]
  0x000001e933886f50 GCTaskThread "GC Thread#0" [stack: 0x000000839de00000,0x000000839df00000] [id=28168]
  0x000001e98e4bec90 GCTaskThread "GC Thread#1" [stack: 0x000000839f000000,0x000000839f100000] [id=26524]
  0x000001e98e556050 GCTaskThread "GC Thread#2" [stack: 0x000000839f100000,0x000000839f200000] [id=24852]
  0x000001e98e556310 GCTaskThread "GC Thread#3" [stack: 0x000000839f200000,0x000000839f300000] [id=23876]
  0x000001e98e1e2720 GCTaskThread "GC Thread#4" [stack: 0x000000839f400000,0x000000839f500000] [id=27716]
  0x000001e98e29d8f0 GCTaskThread "GC Thread#5" [stack: 0x000000839f500000,0x000000839f600000] [id=27712]
  0x000001e98e8108b0 GCTaskThread "GC Thread#6" [stack: 0x000000839f600000,0x000000839f700000] [id=6792]
  0x000001e9338886a0 ConcurrentGCThread "G1 Main Marker" [stack: 0x000000839df00000,0x000000839e000000] [id=28216]
  0x000001e9338890b0 ConcurrentGCThread "G1 Conc#0" [stack: 0x000000839e000000,0x000000839e100000] [id=28164]
  0x000001e9338e5d90 ConcurrentGCThread "G1 Refine#0" [stack: 0x000000839e100000,0x000000839e200000] [id=28252]
  0x000001e9338e67c0 ConcurrentGCThread "G1 Service" [stack: 0x000000839e200000,0x000000839e300000] [id=11112]

Threads with active compile tasks:
C2 CompilerThread0   551565 1880       4       org.gradle.internal.time.MonotonicClock::getCurrentTime (70 bytes)

VM state: not at safepoint (normal execution)

VM Mutex/Monitor currently owned by a thread: None

Heap address: 0x00000000fc000000, size: 64 MB, Compressed Oops mode: 32-bit

CDS archive(s) mapped at: [0x000001e94d000000-0x000001e94dbd0000-0x000001e94dbd0000), size 12386304, SharedBaseAddress: 0x000001e94d000000, ArchiveRelocationMode: 1.
Compressed class space mapped at: 0x000001e94e000000-0x000001e98e000000, reserved size: 1073741824
Narrow klass base: 0x000001e94d000000, Narrow klass shift: 0, Narrow klass range: 0x100000000

GC Precious Log:
 CPUs: 8 total, 8 available
 Memory: 8033M
 Large Page Support: Disabled
 NUMA Support: Disabled
 Compressed Oops: Enabled (32-bit)
 Heap Region Size: 1M
 Heap Min Capacity: 64M
 Heap Initial Capacity: 64M
 Heap Max Capacity: 64M
 Pre-touch: Disabled
 Parallel Workers: 8
 Concurrent Workers: 2
 Concurrent Refinement Workers: 8
 Periodic GC: Disabled

Heap:
 garbage-first heap   total 65536K, used 24540K [0x00000000fc000000, 0x0000000100000000)
  region size 1024K, 17 young (17408K), 4 survivors (4096K)
 Metaspace       used 10088K, committed 10304K, reserved 1114112K
  class space    used 1318K, committed 1408K, reserved 1048576K

Heap Regions: E=young(eden), S=young(survivor), O=old, HS=humongous(starts), HC=humongous(continues), CS=collection set, F=free, OA=open archive, CA=closed archive, TAMS=top-at-mark-start (previous, next)
|   0|0x00000000fc000000, 0x00000000fc100000, 0x00000000fc100000|100%| O|  |TAMS 0x00000000fc000000, 0x00000000fc000000| Untracked 
|   1|0x00000000fc100000, 0x00000000fc200000, 0x00000000fc200000|100%|HS|  |TAMS 0x00000000fc100000, 0x00000000fc100000| Complete 
|   2|0x00000000fc200000, 0x00000000fc300000, 0x00000000fc300000|100%|HC|  |TAMS 0x00000000fc200000, 0x00000000fc200000| Complete 
|   3|0x00000000fc300000, 0x00000000fc400000, 0x00000000fc400000|100%|HC|  |TAMS 0x00000000fc300000, 0x00000000fc300000| Complete 
|   4|0x00000000fc400000, 0x00000000fc500000, 0x00000000fc500000|100%|HC|  |TAMS 0x00000000fc400000, 0x00000000fc400000| Complete 
|   5|0x00000000fc500000, 0x00000000fc600000, 0x00000000fc600000|100%| O|  |TAMS 0x00000000fc500000, 0x00000000fc500000| Untracked 
|   6|0x00000000fc600000, 0x00000000fc700000, 0x00000000fc700000|100%| O|  |TAMS 0x00000000fc600000, 0x00000000fc600000| Untracked 
|   7|0x00000000fc700000, 0x00000000fc7f7200, 0x00000000fc800000| 96%| O|  |TAMS 0x00000000fc700000, 0x00000000fc700000| Untracked 
|   8|0x00000000fc800000, 0x00000000fc800000, 0x00000000fc900000|  0%| F|  |TAMS 0x00000000fc800000, 0x00000000fc800000| Untracked 
|   9|0x00000000fc900000, 0x00000000fc900000, 0x00000000fca00000|  0%| F|  |TAMS 0x00000000fc900000, 0x00000000fc900000| Untracked 
|  10|0x00000000fca00000, 0x00000000fca00000, 0x00000000fcb00000|  0%| F|  |TAMS 0x00000000fca00000, 0x00000000fca00000| Untracked 
|  11|0x00000000fcb00000, 0x00000000fcb00000, 0x00000000fcc00000|  0%| F|  |TAMS 0x00000000fcb00000, 0x00000000fcb00000| Untracked 
|  12|0x00000000fcc00000, 0x00000000fcc00000, 0x00000000fcd00000|  0%| F|  |TAMS 0x00000000fcc00000, 0x00000000fcc00000| Untracked 
|  13|0x00000000fcd00000, 0x00000000fcd00000, 0x00000000fce00000|  0%| F|  |TAMS 0x00000000fcd00000, 0x00000000fcd00000| Untracked 
|  14|0x00000000fce00000, 0x00000000fce00000, 0x00000000fcf00000|  0%| F|  |TAMS 0x00000000fce00000, 0x00000000fce00000| Untracked 
|  15|0x00000000fcf00000, 0x00000000fcf00000, 0x00000000fd000000|  0%| F|  |TAMS 0x00000000fcf00000, 0x00000000fcf00000| Untracked 
|  16|0x00000000fd000000, 0x00000000fd000000, 0x00000000fd100000|  0%| F|  |TAMS 0x00000000fd000000, 0x00000000fd000000| Untracked 
|  17|0x00000000fd100000, 0x00000000fd100000, 0x00000000fd200000|  0%| F|  |TAMS 0x00000000fd100000, 0x00000000fd100000| Untracked 
|  18|0x00000000fd200000, 0x00000000fd200000, 0x00000000fd300000|  0%| F|  |TAMS 0x00000000fd200000, 0x00000000fd200000| Untracked 
|  19|0x00000000fd300000, 0x00000000fd300000, 0x00000000fd400000|  0%| F|  |TAMS 0x00000000fd300000, 0x00000000fd300000| Untracked 
|  20|0x00000000fd400000, 0x00000000fd400000, 0x00000000fd500000|  0%| F|  |TAMS 0x00000000fd400000, 0x00000000fd400000| Untracked 
|  21|0x00000000fd500000, 0x00000000fd500000, 0x00000000fd600000|  0%| F|  |TAMS 0x00000000fd500000, 0x00000000fd500000| Untracked 
|  22|0x00000000fd600000, 0x00000000fd600000, 0x00000000fd700000|  0%| F|  |TAMS 0x00000000fd600000, 0x00000000fd600000| Untracked 
|  23|0x00000000fd700000, 0x00000000fd700000, 0x00000000fd800000|  0%| F|  |TAMS 0x00000000fd700000, 0x00000000fd700000| Untracked 
|  24|0x00000000fd800000, 0x00000000fd800000, 0x00000000fd900000|  0%| F|  |TAMS 0x00000000fd800000, 0x00000000fd800000| Untracked 
|  25|0x00000000fd900000, 0x00000000fd900000, 0x00000000fda00000|  0%| F|  |TAMS 0x00000000fd900000, 0x00000000fd900000| Untracked 
|  26|0x00000000fda00000, 0x00000000fda00000, 0x00000000fdb00000|  0%| F|  |TAMS 0x00000000fda00000, 0x00000000fda00000| Untracked 
|  27|0x00000000fdb00000, 0x00000000fdb00000, 0x00000000fdc00000|  0%| F|  |TAMS 0x00000000fdb00000, 0x00000000fdb00000| Untracked 
|  28|0x00000000fdc00000, 0x00000000fdc00000, 0x00000000fdd00000|  0%| F|  |TAMS 0x00000000fdc00000, 0x00000000fdc00000| Untracked 
|  29|0x00000000fdd00000, 0x00000000fdd00000, 0x00000000fde00000|  0%| F|  |TAMS 0x00000000fdd00000, 0x00000000fdd00000| Untracked 
|  30|0x00000000fde00000, 0x00000000fdf00000, 0x00000000fdf00000|100%| S|CS|TAMS 0x00000000fde00000, 0x00000000fde00000| Complete 
|  31|0x00000000fdf00000, 0x00000000fe000000, 0x00000000fe000000|100%| S|CS|TAMS 0x00000000fdf00000, 0x00000000fdf00000| Complete 
|  32|0x00000000fe000000, 0x00000000fe100000, 0x00000000fe100000|100%| S|CS|TAMS 0x00000000fe000000, 0x00000000fe000000| Complete 
|  33|0x00000000fe100000, 0x00000000fe200000, 0x00000000fe200000|100%| S|CS|TAMS 0x00000000fe100000, 0x00000000fe100000| Complete 
|  34|0x00000000fe200000, 0x00000000fe200000, 0x00000000fe300000|  0%| F|  |TAMS 0x00000000fe200000, 0x00000000fe200000| Untracked 
|  35|0x00000000fe300000, 0x00000000fe300000, 0x00000000fe400000|  0%| F|  |TAMS 0x00000000fe300000, 0x00000000fe300000| Untracked 
|  36|0x00000000fe400000, 0x00000000fe400000, 0x00000000fe500000|  0%| F|  |TAMS 0x00000000fe400000, 0x00000000fe400000| Untracked 
|  37|0x00000000fe500000, 0x00000000fe500000, 0x00000000fe600000|  0%| F|  |TAMS 0x00000000fe500000, 0x00000000fe500000| Untracked 
|  38|0x00000000fe600000, 0x00000000fe600000, 0x00000000fe700000|  0%| F|  |TAMS 0x00000000fe600000, 0x00000000fe600000| Untracked 
|  39|0x00000000fe700000, 0x00000000fe700000, 0x00000000fe800000|  0%| F|  |TAMS 0x00000000fe700000, 0x00000000fe700000| Untracked 
|  40|0x00000000fe800000, 0x00000000fe800000, 0x00000000fe900000|  0%| F|  |TAMS 0x00000000fe800000, 0x00000000fe800000| Untracked 
|  41|0x00000000fe900000, 0x00000000fe900000, 0x00000000fea00000|  0%| F|  |TAMS 0x00000000fe900000, 0x00000000fe900000| Untracked 
|  42|0x00000000fea00000, 0x00000000fea00000, 0x00000000feb00000|  0%| F|  |TAMS 0x00000000fea00000, 0x00000000fea00000| Untracked 
|  43|0x00000000feb00000, 0x00000000feb00000, 0x00000000fec00000|  0%| F|  |TAMS 0x00000000feb00000, 0x00000000feb00000| Untracked 
|  44|0x00000000fec00000, 0x00000000fec00000, 0x00000000fed00000|  0%| F|  |TAMS 0x00000000fec00000, 0x00000000fec00000| Untracked 
|  45|0x00000000fed00000, 0x00000000fed00000, 0x00000000fee00000|  0%| F|  |TAMS 0x00000000fed00000, 0x00000000fed00000| Untracked 
|  46|0x00000000fee00000, 0x00000000fee00000, 0x00000000fef00000|  0%| F|  |TAMS 0x00000000fee00000, 0x00000000fee00000| Untracked 
|  47|0x00000000fef00000, 0x00000000fef00000, 0x00000000ff000000|  0%| F|  |TAMS 0x00000000fef00000, 0x00000000fef00000| Untracked 
|  48|0x00000000ff000000, 0x00000000ff000000, 0x00000000ff100000|  0%| F|  |TAMS 0x00000000ff000000, 0x00000000ff000000| Untracked 
|  49|0x00000000ff100000, 0x00000000ff100000, 0x00000000ff200000|  0%| F|  |TAMS 0x00000000ff100000, 0x00000000ff100000| Untracked 
|  50|0x00000000ff200000, 0x00000000ff200000, 0x00000000ff300000|  0%| F|  |TAMS 0x00000000ff200000, 0x00000000ff200000| Untracked 
|  51|0x00000000ff300000, 0x00000000ff321c90, 0x00000000ff400000| 13%| E|  |TAMS 0x00000000ff300000, 0x00000000ff300000| Complete 
|  52|0x00000000ff400000, 0x00000000ff500000, 0x00000000ff500000|100%| E|CS|TAMS 0x00000000ff400000, 0x00000000ff400000| Complete 
|  53|0x00000000ff500000, 0x00000000ff600000, 0x00000000ff600000|100%| E|CS|TAMS 0x00000000ff500000, 0x00000000ff500000| Complete 
|  54|0x00000000ff600000, 0x00000000ff700000, 0x00000000ff700000|100%| E|CS|TAMS 0x00000000ff600000, 0x00000000ff600000| Complete 
|  55|0x00000000ff700000, 0x00000000ff800000, 0x00000000ff800000|100%| E|CS|TAMS 0x00000000ff700000, 0x00000000ff700000| Complete 
|  56|0x00000000ff800000, 0x00000000ff900000, 0x00000000ff900000|100%| E|CS|TAMS 0x00000000ff800000, 0x00000000ff800000| Complete 
|  57|0x00000000ff900000, 0x00000000ffa00000, 0x00000000ffa00000|100%| E|CS|TAMS 0x00000000ff900000, 0x00000000ff900000| Complete 
|  58|0x00000000ffa00000, 0x00000000ffb00000, 0x00000000ffb00000|100%| E|CS|TAMS 0x00000000ffa00000, 0x00000000ffa00000| Complete 
|  59|0x00000000ffb00000, 0x00000000ffc00000, 0x00000000ffc00000|100%| E|CS|TAMS 0x00000000ffb00000, 0x00000000ffb00000| Complete 
|  60|0x00000000ffc00000, 0x00000000ffd00000, 0x00000000ffd00000|100%| E|CS|TAMS 0x00000000ffc00000, 0x00000000ffc00000| Complete 
|  61|0x00000000ffd00000, 0x00000000ffe00000, 0x00000000ffe00000|100%| E|CS|TAMS 0x00000000ffd00000, 0x00000000ffd00000| Complete 
|  62|0x00000000ffe00000, 0x00000000fff00000, 0x00000000fff00000|100%| E|CS|TAMS 0x00000000ffe00000, 0x00000000ffe00000| Complete 
|  63|0x00000000fff00000, 0x0000000100000000, 0x0000000100000000|100%| E|CS|TAMS 0x00000000fff00000, 0x00000000fff00000| Complete 

Card table byte_map: [0x000001e931840000,0x000001e931860000] _byte_map_base: 0x000001e931060000

Marking Bits (Prev, Next): (CMBitMap*) 0x000001e933887570, (CMBitMap*) 0x000001e9338875b0
 Prev Bits: [0x000001e94a450000, 0x000001e94a550000)
 Next Bits: [0x000001e94a550000, 0x000001e94a650000)

Polling page: 0x000001e9317f0000

Metaspace:

Usage:
  Non-class:      8.56 MB used.
      Class:      1.29 MB used.
       Both:      9.85 MB used.

Virtual space:
  Non-class space:       64.00 MB reserved,       8.69 MB ( 14%) committed,  1 nodes.
      Class space:        1.00 GB reserved,       1.38 MB ( <1%) committed,  1 nodes.
             Both:        1.06 GB reserved,      10.06 MB ( <1%) committed. 

Chunk freelists:
   Non-Class:  7.36 MB
       Class:  14.58 MB
        Both:  21.94 MB

MaxMetaspaceSize: unlimited
CompressedClassSpaceSize: 1.00 GB
Initial GC threshold: 21.00 MB
Current GC threshold: 21.00 MB
CDS: on
MetaspaceReclaimPolicy: balanced
 - commit_granule_bytes: 65536.
 - commit_granule_words: 8192.
 - virtual_space_node_default_size: 8388608.
 - enlarge_chunks_in_place: 1.
 - new_chunks_are_fully_committed: 0.
 - uncommit_free_chunks: 1.
 - use_allocation_guard: 0.
 - handle_deallocations: 1.


Internal statistics:

num_allocs_failed_limit: 0.
num_arena_births: 84.
num_arena_deaths: 0.
num_vsnodes_births: 2.
num_vsnodes_deaths: 0.
num_space_committed: 161.
num_space_uncommitted: 0.
num_chunks_returned_to_freelist: 0.
num_chunks_taken_from_freelist: 360.
num_chunk_merges: 0.
num_chunk_splits: 239.
num_chunks_enlarged: 196.
num_inconsistent_stats: 0.

CodeHeap 'non-profiled nmethods': size=120000Kb used=852Kb max_used=852Kb free=119147Kb
 bounds [0x000001e942bf0000, 0x000001e942e60000, 0x000001e94a120000]
CodeHeap 'profiled nmethods': size=120000Kb used=3694Kb max_used=3694Kb free=116305Kb
 bounds [0x000001e93b120000, 0x000001e93b4c0000, 0x000001e942650000]
CodeHeap 'non-nmethods': size=5760Kb used=1175Kb max_used=1204Kb free=4584Kb
 bounds [0x000001e942650000, 0x000001e9428c0000, 0x000001e942bf0000]
 total_blobs=2352 nmethods=1876 adapters=389
 compilation: enabled
              stopped_count=0, restarted_count=0
 full_count=0

Compilation events (20 events):
Event: 381.927 Thread 0x000001e9339288b0 nmethod 1870 0x000001e942cbb510 code [0x000001e942cbb6a0, 0x000001e942cbb8f8]
Event: 382.822 Thread 0x000001e9339288b0 1871   !   4       org.gradle.internal.logging.console.ThrottlingOutputEventListener::onOutput (85 bytes)
Event: 383.086 Thread 0x000001e9339288b0 nmethod 1871 0x000001e942cbba90 code [0x000001e942cbbda0, 0x000001e942cbddd0]
Event: 383.087 Thread 0x000001e9339288b0 1872       4       org.gradle.internal.logging.console.AbstractUserInputRenderer::onOutput (111 bytes)
Event: 383.133 Thread 0x000001e9339288b0 nmethod 1872 0x000001e942cbf290 code [0x000001e942cbf520, 0x000001e942cc0888]
Event: 403.502 Thread 0x000001e9339288b0 1873   !   4       java.util.zip.Inflater::inflate (418 bytes)
Event: 403.529 Thread 0x000001e9339288b0 nmethod 1873 0x000001e942cc1710 code [0x000001e942cc18c0, 0x000001e942cc1ff8]
Event: 415.898 Thread 0x000001e933929770 1874       3       org.gradle.internal.logging.console.AbstractUserInputRenderer::onOutput (111 bytes)
Event: 415.913 Thread 0x000001e933929770 nmethod 1874 0x000001e93b4b8890 code [0x000001e93b4b8be0, 0x000001e93b4ba5f8]
Event: 415.992 Thread 0x000001e933929770 1875   !   3       org.gradle.internal.logging.console.ThrottlingOutputEventListener::onOutput (85 bytes)
Event: 415.995 Thread 0x000001e933929770 nmethod 1875 0x000001e93b4bab90 code [0x000001e93b4badc0, 0x000001e93b4bb658]
Event: 454.811 Thread 0x000001e9339288b0 1876       4       java.util.concurrent.TimeUnit::toMillis (69 bytes)
Event: 454.828 Thread 0x000001e9339288b0 nmethod 1876 0x000001e942cc2690 code [0x000001e942cc2800, 0x000001e942cc2918]
Event: 469.799 Thread 0x000001e9339288b0 1877       4       org.gradle.internal.logging.sink.GroupingProgressLogEventGenerator::onUpdateNow (54 bytes)
Event: 470.023 Thread 0x000001e9339288b0 nmethod 1877 0x000001e942cc2990 code [0x000001e942cc2c20, 0x000001e942cc3950]
Event: 546.395 Thread 0x000001e9339288b0 1878       4       java.util.concurrent.locks.AbstractQueuedSynchronizer::acquire (20 bytes)
Event: 546.459 Thread 0x000001e9339288b0 nmethod 1878 0x000001e942cc4a90 code [0x000001e942cc4c00, 0x000001e942cc4db8]
Event: 551.206 Thread 0x000001e9339288b0 1879       4       java.util.concurrent.ThreadPoolExecutor$Worker::unlock (7 bytes)
Event: 551.234 Thread 0x000001e9339288b0 nmethod 1879 0x000001e942cc4e90 code [0x000001e942cc5020, 0x000001e942cc5188]
Event: 551.449 Thread 0x000001e9339288b0 1880       4       org.gradle.internal.time.MonotonicClock::getCurrentTime (70 bytes)

GC Heap History (4 events):
Event: 4.287 GC heap before
{Heap before GC invocations=0 (full 0):
 garbage-first heap   total 65536K, used 22528K [0x00000000fc000000, 0x0000000100000000)
  region size 1024K, 23 young (23552K), 0 survivors (0K)
 Metaspace       used 1828K, committed 1920K, reserved 1114112K
  class space    used 158K, committed 192K, reserved 1048576K
}
Event: 4.484 GC heap after
{Heap after GC invocations=1 (full 0):
 garbage-first heap   total 65536K, used 3932K [0x00000000fc000000, 0x0000000100000000)
  region size 1024K, 3 young (3072K), 3 survivors (3072K)
 Metaspace       used 1828K, committed 1920K, reserved 1114112K
  class space    used 158K, committed 192K, reserved 1048576K
}
Event: 27.920 GC heap before
{Heap before GC invocations=1 (full 0):
 garbage-first heap   total 65536K, used 35676K [0x00000000fc000000, 0x0000000100000000)
  region size 1024K, 30 young (30720K), 3 survivors (3072K)
 Metaspace       used 7538K, committed 7744K, reserved 1114112K
  class space    used 1028K, committed 1152K, reserved 1048576K
}
Event: 27.933 GC heap after
{Heap after GC invocations=2 (full 0):
 garbage-first heap   total 65536K, used 12252K [0x00000000fc000000, 0x0000000100000000)
  region size 1024K, 4 young (4096K), 4 survivors (4096K)
 Metaspace       used 7538K, committed 7744K, reserved 1114112K
  class space    used 1028K, committed 1152K, reserved 1048576K
}

Deoptimization events (20 events):
Event: 43.566 Thread 0x000001e98ecd25f0 DEOPT PACKING pc=0x000001e942bfd984 sp=0x000000839dafefa0
Event: 43.566 Thread 0x000001e98ecd25f0 DEOPT UNPACKING pc=0x000001e9426a23a3 sp=0x000000839dafef38 mode 2
Event: 43.570 Thread 0x000001e98ec869e0 Uncommon trap: trap_request=0xffffff45 fr.pc=0x000001e942c74020 relative=0x0000000000000ee0
Event: 43.570 Thread 0x000001e98ec869e0 Uncommon trap: reason=unstable_if action=reinterpret pc=0x000001e942c74020 method=java.util.concurrent.ConcurrentHashMap.putVal(Ljava/lang/Object;Ljava/lang/Object;Z)Ljava/lang/Object; @ 97 c2
Event: 43.570 Thread 0x000001e98ec869e0 DEOPT PACKING pc=0x000001e942c74020 sp=0x000000839f8fe3c0
Event: 43.570 Thread 0x000001e98ec869e0 DEOPT UNPACKING pc=0x000001e9426a23a3 sp=0x000000839f8fe348 mode 2
Event: 43.822 Thread 0x000001e9338647a0 Uncommon trap: trap_request=0xffffff45 fr.pc=0x000001e942c312c0 relative=0x0000000000000aa0
Event: 43.822 Thread 0x000001e9338647a0 Uncommon trap: reason=unstable_if action=reinterpret pc=0x000001e942c312c0 method=java.util.HashMap.putVal(ILjava/lang/Object;Ljava/lang/Object;ZZ)Ljava/lang/Object; @ 162 c2
Event: 43.822 Thread 0x000001e9338647a0 DEOPT PACKING pc=0x000001e942c312c0 sp=0x000000839ddfb150
Event: 43.822 Thread 0x000001e9338647a0 DEOPT UNPACKING pc=0x000001e9426a23a3 sp=0x000000839ddfb088 mode 2
Event: 226.090 Thread 0x000001e9338647a0 DEOPT PACKING pc=0x000001e93b46a3cd sp=0x000000839ddfce70
Event: 226.091 Thread 0x000001e9338647a0 DEOPT UNPACKING pc=0x000001e9426a2b43 sp=0x000000839ddfc308 mode 0
Event: 403.445 Thread 0x000001e98eb65040 Uncommon trap: trap_request=0xffffff45 fr.pc=0x000001e942cbd614 relative=0x0000000000001874
Event: 403.445 Thread 0x000001e98eb65040 Uncommon trap: reason=unstable_if action=reinterpret pc=0x000001e942cbd614 method=org.gradle.internal.logging.sink.GroupingProgressLogEventGenerator.onOutput(Lorg/gradle/internal/logging/events/OutputEvent;)V @ 22 c2
Event: 403.445 Thread 0x000001e98eb65040 DEOPT PACKING pc=0x000001e942cbd614 sp=0x000000839f3fed50
Event: 403.446 Thread 0x000001e98eb65040 DEOPT UNPACKING pc=0x000001e9426a23a3 sp=0x000000839f3febb8 mode 2
Event: 403.545 Thread 0x000001e98eb65040 Uncommon trap: trap_request=0xffffff45 fr.pc=0x000001e942cc046c relative=0x0000000000000f4c
Event: 403.545 Thread 0x000001e98eb65040 Uncommon trap: reason=unstable_if action=reinterpret pc=0x000001e942cc046c method=org.gradle.internal.logging.sink.GroupingProgressLogEventGenerator.onOutput(Lorg/gradle/internal/logging/events/OutputEvent;)V @ 22 c2
Event: 403.545 Thread 0x000001e98eb65040 DEOPT PACKING pc=0x000001e942cc046c sp=0x000000839f3fec60
Event: 403.546 Thread 0x000001e98eb65040 DEOPT UNPACKING pc=0x000001e9426a23a3 sp=0x000000839f3feba8 mode 2

Classes unloaded (0 events):
No events

Classes redefined (0 events):
No events

Internal exceptions (20 events):
Event: 30.463 Thread 0x000001e9338647a0 Exception <a 'java/lang/NoSuchMethodError'{0x00000000fff5cef8}: 'void java.lang.invoke.DirectMethodHandle$Holder.invokeStatic(java.lang.Object, java.lang.Object, java.lang.Object)'> (0x00000000fff5cef8) 
thrown [s\open\src\hotspot\share\interpreter\linkResolver.cpp, line 759]
Event: 31.069 Thread 0x000001e98ecd25f0 Exception <a 'java/lang/NoSuchMethodError'{0x00000000ff88e5e0}: 'void java.lang.invoke.DirectMethodHandle$Holder.invokeStatic(java.lang.Object, long)'> (0x00000000ff88e5e0) 
thrown [s\open\src\hotspot\share\interpreter\linkResolver.cpp, line 759]
Event: 31.069 Thread 0x000001e98ecd25f0 Exception <a 'java/lang/NoSuchMethodError'{0x00000000ff893f38}: 'java.lang.Object java.lang.invoke.DirectMethodHandle$Holder.newInvokeSpecial(java.lang.Object, long)'> (0x00000000ff893f38) 
thrown [s\open\src\hotspot\share\interpreter\linkResolver.cpp, line 759]
Event: 31.074 Thread 0x000001e98ecd25f0 Exception <a 'java/lang/NoSuchMethodError'{0x00000000ff89f2e0}: 'java.lang.Object java.lang.invoke.DirectMethodHandle$Holder.invokeStaticInit(java.lang.Object, java.lang.Object, long, java.lang.Object)'> (0x00000000ff89f2e0) 
thrown [s\open\src\hotspot\share\interpreter\linkResolver.cpp, line 759]
Event: 31.075 Thread 0x000001e98ecd25f0 Exception <a 'java/lang/NoSuchMethodError'{0x00000000ff8a5968}: 'java.lang.Object java.lang.invoke.DirectMethodHandle$Holder.newInvokeSpecial(java.lang.Object, java.lang.Object, long)'> (0x00000000ff8a5968) 
thrown [s\open\src\hotspot\share\interpreter\linkResolver.cpp, line 759]
Event: 31.076 Thread 0x000001e98ecd25f0 Exception <a 'java/lang/NoSuchMethodError'{0x00000000ff8a9c58}: 'java.lang.Object java.lang.invoke.Invokers$Holder.linkToTargetMethod(java.lang.Object, long, java.lang.Object)'> (0x00000000ff8a9c58) 
thrown [s\open\src\hotspot\share\interpreter\linkResolver.cpp, line 759]
Event: 403.576 Thread 0x000001e98eb65040 Exception <a 'java/io/IOException'{0x00000000ff4fa2c8}> (0x00000000ff4fa2c8) 
thrown [s\open\src\hotspot\share\prims\jni.cpp, line 516]
Event: 403.578 Thread 0x000001e98eb65040 Exception <a 'java/io/IOException'{0x00000000ff4fa880}> (0x00000000ff4fa880) 
thrown [s\open\src\hotspot\share\prims\jni.cpp, line 516]
Event: 403.585 Thread 0x000001e98eb65040 Exception <a 'java/io/IOException'{0x00000000ff4fb0f8}> (0x00000000ff4fb0f8) 
thrown [s\open\src\hotspot\share\prims\jni.cpp, line 516]
Event: 403.585 Thread 0x000001e98eb65040 Exception <a 'java/io/IOException'{0x00000000ff4fb6b0}> (0x00000000ff4fb6b0) 
thrown [s\open\src\hotspot\share\prims\jni.cpp, line 516]
Event: 403.585 Thread 0x000001e98eb65040 Exception <a 'java/io/IOException'{0x00000000ff4fbd18}> (0x00000000ff4fbd18) 
thrown [s\open\src\hotspot\share\prims\jni.cpp, line 516]
Event: 403.585 Thread 0x000001e98eb65040 Exception <a 'java/io/IOException'{0x00000000ff4fc2d0}> (0x00000000ff4fc2d0) 
thrown [s\open\src\hotspot\share\prims\jni.cpp, line 516]
Event: 403.586 Thread 0x000001e98eb65040 Exception <a 'java/io/IOException'{0x00000000ff4fc9f0}> (0x00000000ff4fc9f0) 
thrown [s\open\src\hotspot\share\prims\jni.cpp, line 516]
Event: 403.586 Thread 0x000001e98eb65040 Exception <a 'java/io/IOException'{0x00000000ff4fcfa8}> (0x00000000ff4fcfa8) 
thrown [s\open\src\hotspot\share\prims\jni.cpp, line 516]
Event: 403.586 Thread 0x000001e98eb65040 Exception <a 'java/io/IOException'{0x00000000ff4fd5b0}> (0x00000000ff4fd5b0) 
thrown [s\open\src\hotspot\share\prims\jni.cpp, line 516]
Event: 403.587 Thread 0x000001e98eb65040 Exception <a 'java/io/IOException'{0x00000000ff4fdb68}> (0x00000000ff4fdb68) 
thrown [s\open\src\hotspot\share\prims\jni.cpp, line 516]
Event: 403.587 Thread 0x000001e98eb65040 Exception <a 'java/io/IOException'{0x00000000ff4fe240}> (0x00000000ff4fe240) 
thrown [s\open\src\hotspot\share\prims\jni.cpp, line 516]
Event: 403.587 Thread 0x000001e98eb65040 Exception <a 'java/io/IOException'{0x00000000ff4fe7f8}> (0x00000000ff4fe7f8) 
thrown [s\open\src\hotspot\share\prims\jni.cpp, line 516]
Event: 403.587 Thread 0x000001e98eb65040 Exception <a 'java/io/IOException'{0x00000000ff4fee00}> (0x00000000ff4fee00) 
thrown [s\open\src\hotspot\share\prims\jni.cpp, line 516]
Event: 403.587 Thread 0x000001e98eb65040 Exception <a 'java/io/IOException'{0x00000000ff4ff3b8}> (0x00000000ff4ff3b8) 
thrown [s\open\src\hotspot\share\prims\jni.cpp, line 516]

VM Operations (20 events):
Event: 222.610 Executing VM operation: Cleanup
Event: 222.610 Executing VM operation: Cleanup done
Event: 224.634 Executing VM operation: Cleanup
Event: 224.634 Executing VM operation: Cleanup done
Event: 226.659 Executing VM operation: Cleanup
Event: 226.659 Executing VM operation: Cleanup done
Event: 240.390 Executing VM operation: HandshakeAllThreads
Event: 240.391 Executing VM operation: HandshakeAllThreads done
Event: 288.829 Executing VM operation: Cleanup
Event: 288.829 Executing VM operation: Cleanup done
Event: 382.723 Executing VM operation: Cleanup
Event: 382.725 Executing VM operation: Cleanup done
Event: 403.932 Executing VM operation: Cleanup
Event: 403.933 Executing VM operation: Cleanup done
Event: 416.070 Executing VM operation: Cleanup
Event: 416.071 Executing VM operation: Cleanup done
Event: 420.105 Executing VM operation: Cleanup
Event: 420.105 Executing VM operation: Cleanup done
Event: 420.603 Executing VM operation: HandshakeAllThreads
Event: 420.604 Executing VM operation: HandshakeAllThreads done

Events (20 events):
Event: 43.881 loading class sun/nio/ch/SourceChannelImpl done
Event: 43.881 loading class sun/nio/ch/SinkChannelImpl
Event: 43.881 loading class java/nio/channels/Pipe$SinkChannel
Event: 43.881 loading class java/nio/channels/Pipe$SinkChannel done
Event: 43.881 loading class sun/nio/ch/SinkChannelImpl done
Event: 43.883 loading class sun/nio/ch/SelectionKeyImpl
Event: 43.883 loading class java/nio/channels/spi/AbstractSelectionKey
Event: 43.883 loading class java/nio/channels/SelectionKey
Event: 43.883 loading class java/nio/channels/SelectionKey done
Event: 43.883 loading class java/nio/channels/spi/AbstractSelectionKey done
Event: 43.883 loading class sun/nio/ch/SelectionKeyImpl done
Event: 43.883 loading class java/lang/invoke/ConstantBootstraps
Event: 43.884 loading class java/lang/invoke/ConstantBootstraps done
Event: 43.924 loading class java/nio/channels/spi/AbstractSelector$1
Event: 43.924 loading class java/nio/channels/spi/AbstractSelector$1 done
Event: 44.156 loading class java/util/concurrent/Executors$FinalizableDelegatedExecutorService
Event: 44.156 loading class java/util/concurrent/Executors$FinalizableDelegatedExecutorService done
Event: 44.991 Thread 0x000001e98ed91060 Thread exited: 0x000001e98ed91060
Event: 210.517 loading class jdk/internal/misc/ScopedMemoryAccess$Scope
Event: 210.526 loading class jdk/internal/misc/ScopedMemoryAccess$Scope done


Dynamic libraries:
0x00007ff7271f0000 - 0x00007ff727200000 	C:\Program Files\Java\jdk-17\bin\java.exe
0x00007ffb014b0000 - 0x00007ffb016c7000 	C:\WINDOWS\SYSTEM32\ntdll.dll
0x00007ffaff380000 - 0x00007ffaff444000 	C:\WINDOWS\System32\KERNEL32.DLL
0x00007ffafe7b0000 - 0x00007ffafeb69000 	C:\WINDOWS\System32\KERNELBASE.dll
0x00007ffafece0000 - 0x00007ffafedf1000 	C:\WINDOWS\System32\ucrtbase.dll
0x00007ffac1d40000 - 0x00007ffac1d59000 	C:\Program Files\Java\jdk-17\bin\jli.dll
0x00007ffaffff0000 - 0x00007ffb000a2000 	C:\WINDOWS\System32\ADVAPI32.dll
0x00007ffb00fe0000 - 0x00007ffb01087000 	C:\WINDOWS\System32\msvcrt.dll
0x00007ffaff6c0000 - 0x00007ffaff767000 	C:\WINDOWS\System32\sechost.dll
0x00007ffaff1a0000 - 0x00007ffaff1c8000 	C:\WINDOWS\System32\bcrypt.dll
0x00007ffb01350000 - 0x00007ffb01464000 	C:\WINDOWS\System32\RPCRT4.dll
0x00007ffaffdf0000 - 0x00007ffafff9e000 	C:\WINDOWS\System32\USER32.dll
0x00007ffaff170000 - 0x00007ffaff196000 	C:\WINDOWS\System32\win32u.dll
0x00007ffb00fb0000 - 0x00007ffb00fd9000 	C:\WINDOWS\System32\GDI32.dll
0x00007ffabb4c0000 - 0x00007ffabb4db000 	C:\Program Files\Java\jdk-17\bin\VCRUNTIME140.dll
0x00007ffaff050000 - 0x00007ffaff16b000 	C:\WINDOWS\System32\gdi32full.dll
0x00007ffafee00000 - 0x00007ffafee9a000 	C:\WINDOWS\System32\msvcp_win.dll
0x00007ffae1a10000 - 0x00007ffae1ca2000 	C:\WINDOWS\WinSxS\amd64_microsoft.windows.common-controls_6595b64144ccf1df_6.0.22621.4391_none_2715d37f73803e96\COMCTL32.dll
0x00007ffaf88f0000 - 0x00007ffaf88fa000 	C:\WINDOWS\SYSTEM32\VERSION.dll
0x00007ffafffa0000 - 0x00007ffafffd1000 	C:\WINDOWS\System32\IMM32.DLL
0x00007ffafa500000 - 0x00007ffafa50c000 	C:\Program Files\Java\jdk-17\bin\vcruntime140_1.dll
0x00007ffa6f9b0000 - 0x00007ffa6fa3e000 	C:\Program Files\Java\jdk-17\bin\msvcp140.dll
0x00007ff9e9ec0000 - 0x00007ff9eaaa0000 	C:\Program Files\Java\jdk-17\bin\server\jvm.dll
0x00007ffaff6b0000 - 0x00007ffaff6b8000 	C:\WINDOWS\System32\PSAPI.DLL
0x00007ffaddee0000 - 0x00007ffaddee9000 	C:\WINDOWS\SYSTEM32\WSOCK32.dll
0x00007ffaff450000 - 0x00007ffaff4c1000 	C:\WINDOWS\System32\WS2_32.dll
0x00007ffafadc0000 - 0x00007ffafadf4000 	C:\WINDOWS\SYSTEM32\WINMM.dll
0x00007ffafd820000 - 0x00007ffafd838000 	C:\WINDOWS\SYSTEM32\kernel.appcore.dll
0x00007ffae5580000 - 0x00007ffae558a000 	C:\Program Files\Java\jdk-17\bin\jimage.dll
0x00007ffafbde0000 - 0x00007ffafc012000 	C:\WINDOWS\SYSTEM32\DBGHELP.DLL
0x00007ffb00940000 - 0x00007ffb00ccf000 	C:\WINDOWS\System32\combase.dll
0x00007ffaff5d0000 - 0x00007ffaff6a7000 	C:\WINDOWS\System32\OLEAUT32.dll
0x00007ffafb0c0000 - 0x00007ffafb0f2000 	C:\WINDOWS\SYSTEM32\dbgcore.DLL
0x00007ffafefd0000 - 0x00007ffaff04b000 	C:\WINDOWS\System32\bcryptPrimitives.dll
0x00007ffaac290000 - 0x00007ffaac2b5000 	C:\Program Files\Java\jdk-17\bin\java.dll
0x00007ffa44f40000 - 0x00007ffa45017000 	C:\Program Files\Java\jdk-17\bin\jsvml.dll
0x00007ffb000c0000 - 0x00007ffb00936000 	C:\WINDOWS\System32\SHELL32.dll
0x00007ffafc6a0000 - 0x00007ffafcfa3000 	C:\WINDOWS\SYSTEM32\windows.storage.dll
0x00007ffafc560000 - 0x00007ffafc69f000 	C:\WINDOWS\SYSTEM32\wintypes.dll
0x00007ffb01250000 - 0x00007ffb01349000 	C:\WINDOWS\System32\SHCORE.dll
0x00007ffb00cd0000 - 0x00007ffb00d2e000 	C:\WINDOWS\System32\shlwapi.dll
0x00007ffafe6e0000 - 0x00007ffafe70b000 	C:\WINDOWS\SYSTEM32\profapi.dll
0x00007ffaac180000 - 0x00007ffaac199000 	C:\Program Files\Java\jdk-17\bin\net.dll
0x00007ffafa9f0000 - 0x00007ffafab26000 	C:\WINDOWS\SYSTEM32\WINHTTP.dll
0x00007ffafdd20000 - 0x00007ffafdd89000 	C:\WINDOWS\system32\mswsock.dll
0x00007ffaab580000 - 0x00007ffaab596000 	C:\Program Files\Java\jdk-17\bin\nio.dll
0x00007ffa9f4a0000 - 0x00007ffa9f4b8000 	C:\Program Files\Java\jdk-17\bin\zip.dll
0x00007ffae5550000 - 0x00007ffae5560000 	C:\Program Files\Java\jdk-17\bin\verify.dll
0x00007ffa99080000 - 0x00007ffa990a7000 	C:\Users\Ahmad Baker\.gradle\native\c067742578af261105cb4f569cf0c3c89f3d7b1fecec35dd04571415982c5e48\windows-amd64\native-platform.dll
0x00007ffad4270000 - 0x00007ffad427a000 	C:\Program Files\Java\jdk-17\bin\management.dll
0x00007ffabb250000 - 0x00007ffabb25b000 	C:\Program Files\Java\jdk-17\bin\management_ext.dll
0x00007ffafdf50000 - 0x00007ffafdf6b000 	C:\WINDOWS\SYSTEM32\CRYPTSP.dll
0x00007ffafd710000 - 0x00007ffafd745000 	C:\WINDOWS\system32\rsaenh.dll
0x00007ffafdde0000 - 0x00007ffafde08000 	C:\WINDOWS\SYSTEM32\USERENV.dll
0x00007ffafdf70000 - 0x00007ffafdf7c000 	C:\WINDOWS\SYSTEM32\CRYPTBASE.dll
0x00007ffafd210000 - 0x00007ffafd23d000 	C:\WINDOWS\SYSTEM32\IPHLPAPI.DLL
0x00007ffafffe0000 - 0x00007ffafffe9000 	C:\WINDOWS\System32\NSI.dll
0x00007ffafa900000 - 0x00007ffafa919000 	C:\WINDOWS\SYSTEM32\dhcpcsvc6.DLL
0x00007ffafa750000 - 0x00007ffafa76f000 	C:\WINDOWS\SYSTEM32\dhcpcsvc.DLL
0x00007ffafd280000 - 0x00007ffafd382000 	C:\WINDOWS\SYSTEM32\DNSAPI.dll
0x00007ffae2b30000 - 0x00007ffae2b3e000 	C:\Program Files\Java\jdk-17\bin\sunmscapi.dll
0x00007ffafeb70000 - 0x00007ffafecd6000 	C:\WINDOWS\System32\CRYPT32.dll
0x00007ffafe150000 - 0x00007ffafe17d000 	C:\WINDOWS\SYSTEM32\ncrypt.dll
0x00007ffafe110000 - 0x00007ffafe147000 	C:\WINDOWS\SYSTEM32\NTASN1.dll
0x00007ffafab60000 - 0x00007ffafab68000 	C:\WINDOWS\system32\wshunix.dll

dbghelp: loaded successfully - version: 4.0.5 - missing functions: none
symbol engine: initialized successfully - sym options: 0x614 - pdb path: .;C:\Program Files\Java\jdk-17\bin;C:\WINDOWS\SYSTEM32;C:\WINDOWS\WinSxS\amd64_microsoft.windows.common-controls_6595b64144ccf1df_6.0.22621.4391_none_2715d37f73803e96;C:\Program Files\Java\jdk-17\bin\server;C:\Users\Ahmad Baker\.gradle\native\c067742578af261105cb4f569cf0c3c89f3d7b1fecec35dd04571415982c5e48\windows-amd64

VM Arguments:
jvm_args: -Xmx64m -Xms64m -Dorg.gradle.appname=gradlew 
java_command: org.gradle.wrapper.GradleWrapperMain app:installDebug -PreactNativeDevServerPort=8081
java_class_path (initial): C:\CPRG303\dropngo\android\\gradle\wrapper\gradle-wrapper.jar
Launcher Type: SUN_STANDARD

[Global flags]
     intx CICompilerCount                          = 4                                         {product} {ergonomic}
     uint ConcGCThreads                            = 2                                         {product} {ergonomic}
     uint G1ConcRefinementThreads                  = 8                                         {product} {ergonomic}
   size_t G1HeapRegionSize                         = 1048576                                   {product} {ergonomic}
    uintx GCDrainStackTargetSize                   = 64                                        {product} {ergonomic}
   size_t InitialHeapSize                          = 67108864                                  {product} {command line}
   size_t MarkStackSize                            = 4194304                                   {product} {ergonomic}
   size_t MaxHeapSize                              = 67108864                                  {product} {command line}
   size_t MaxNewSize                               = 39845888                                  {product} {ergonomic}
   size_t MinHeapDeltaBytes                        = 1048576                                   {product} {ergonomic}
   size_t MinHeapSize                              = 67108864                                  {product} {command line}
    uintx NonNMethodCodeHeapSize                   = 5839372                                {pd product} {ergonomic}
    uintx NonProfiledCodeHeapSize                  = 122909434                              {pd product} {ergonomic}
    uintx ProfiledCodeHeapSize                     = 122909434                              {pd product} {ergonomic}
    uintx ReservedCodeCacheSize                    = 251658240                              {pd product} {ergonomic}
     bool SegmentedCodeCache                       = true                                      {product} {ergonomic}
   size_t SoftMaxHeapSize                          = 67108864                               {manageable} {ergonomic}
     bool UseCompressedClassPointers               = true                           {product lp64_product} {ergonomic}
     bool UseCompressedOops                        = true                           {product lp64_product} {ergonomic}
     bool UseG1GC                                  = true                                      {product} {ergonomic}
     bool UseLargePagesIndividualAllocation        = false                                  {pd product} {ergonomic}

Logging:
Log output configuration:
 #0: stdout all=warning uptime,level,tags
 #1: stderr all=off uptime,level,tags

Environment Variables:
JAVA_HOME=C:\Program Files\Java\jdk-17
CLASSPATH=C:\CPRG303\dropngo\android\\gradle\wrapper\gradle-wrapper.jar
PATH=C:\CPRG303\dropngo\node_modules\.bin;C:\CPRG303\dropngo\node_modules\.bin;C:\CPRG303\node_modules\.bin;C:\node_modules\.bin;C:\Users\Ahmad Baker\AppData\Roaming\npm\node_modules\npm\node_modules\@npmcli\run-script\lib\node-gyp-bin;C:\CPRG303\dropngo\node_modules\.bin;C:\CPRG303\dropngo\node_modules\.bin;C:\CPRG303\node_modules\.bin;C:\node_modules\.bin;C:\Users\Ahmad Baker\AppData\Roaming\npm\node_modules\npm\node_modules\@npmcli\run-script\lib\node-gyp-bin;C:\Program Files\Common Files\Oracle\Java\javapath;C:\dbhomeXE\dbhomeXE\bin;C:\Python312\Scripts\;C:\Python312\;C:\Python311\Scripts\;C:\Python311\;C:\windows\system32;C:\windows;C:\windows\System32\Wbem;C:\windows\System32\WindowsPowerShell\v1.0\;C:\windows\System32\OpenSSH\;C:\Program Files (x86)\NVIDIA Corporation\PhysX\Common;C:\WINDOWS\system32;C:\WINDOWS;C:\WINDOWS\System32\Wbem;C:\WINDOWS\System32\WindowsPowerShell\v1.0\;C:\WINDOWS\System32\OpenSSH\;C:\Program Files\Git\cmd;C:\ProgramData\chocolatey\bin;C:\Program Files\NVIDIA Corporation\NVIDIA NvDLISR;C:\Program Files\Mullvad VPN\resources;C:\Program Files\nodejs\;C:\Program Files\dotnet\;C:\Program Files\HP\HP One Agent;C:\Program Files\Java\jdk-17\bin;C:\Users\Ahmad Baker\AppData\Local\Microsoft\WindowsApps;C:\Users\Ahmad Baker\AppData\Local\Programs\Microsoft VS Code\bin;C:\Users\Ahmad Baker\AppData\Local\GitHubDesktop\bin;C:\Users\Ahmad Baker\AppData\Roaming\npm;C:\Users\Ahmad Baker\.dotnet\tools;C:\Users\Ahmad Baker\AppData\Local\Android\Sdk\platform-tools;C:\Users\Ahmad Baker\AppData\Local\Android\Sdk\tools;
USERNAME=Ahmad Baker
OS=Windows_NT
PROCESSOR_IDENTIFIER=Intel64 Family 6 Model 158 Stepping 10, GenuineIntel



---------------  S Y S T E M  ---------------

OS:
 Windows 11 , 64 bit Build 22621 (10.0.22621.4391)
OS uptime: 0 days 22:53 hours
Hyper-V role detected

CPU: total 8 (initial active 8) (4 cores per cpu, 2 threads per core) family 6 model 158 stepping 10 microcode 0xde, cx8, cmov, fxsr, ht, mmx, 3dnowpref, sse, sse2, sse3, ssse3, sse4.1, sse4.2, popcnt, lzcnt, tsc, tscinvbit, avx, avx2, aes, erms, clmul, bmi1, bmi2, adx, fma, vzeroupper, clflush, clflushopt, hv

Memory: 4k page, system-wide physical 8033M (4M free)
TotalPageFile size 32609M (AvailPageFile size 0M)
current process WorkingSet (physical memory assigned to process): 8M, peak: 70M
current process commit charge ("private bytes"): 166M, peak: 171M

vm_info: Java HotSpot(TM) 64-Bit Server VM (17.0.12+8-LTS-286) for windows-amd64 JRE (17.0.12+8-LTS-286), built on Jun  5 2024 06:46:59 by "mach5one" with MS VC++ 17.6 (VS2022)

END.
