#
# There is insufficient memory for the Java Runtime Environment to continue.
# Native memory allocation (malloc) failed to allocate 123216 bytes for Chunk::new
# Possible reasons:
#   The system is out of physical RAM or swap space
#   The process is running with CompressedOops enabled, and the Java Heap may be blocking the growth of the native heap
# Possible solutions:
#   Reduce memory load on the system
#   Increase physical memory or swap space
#   Check if swap backing store is full
#   Decrease Java heap size (-Xmx/-Xms)
#   Decrease number of Java threads
#   Decrease Java thread stack sizes (-Xss)
#   Set larger code cache with -XX:ReservedCodeCacheSize=
#   JVM is running with Unscaled Compressed Oops mode in which the Java heap is
#     placed in the first 4GB address space. The Java Heap base address is the
#     maximum limit for the native heap growth. Please use -XX:HeapBaseMinAddress
#     to set the Java Heap base and to place the Java Heap above 4GB virtual address.
# This output file may be truncated or incomplete.
#
#  Out of Memory Error (arena.cpp:189), pid=29428, tid=29580
#
# JRE version: Java(TM) SE Runtime Environment (17.0.12+8) (build 17.0.12+8-LTS-286)
# Java VM: Java HotSpot(TM) 64-Bit Server VM (17.0.12+8-LTS-286, mixed mode, sharing, tiered, compressed oops, compressed class ptrs, g1 gc, windows-amd64)
# No core dump will be written. Minidumps are not enabled by default on client versions of Windows
#

---------------  S U M M A R Y ------------

Command Line: -Xmx64m -Xms64m -Dorg.gradle.appname=gradlew org.gradle.wrapper.GradleWrapperMain app:installDebug -PreactNativeDevServerPort=8081

Host: Intel(R) Core(TM) i5-9300H CPU @ 2.40GHz, 8 cores, 7G,  Windows 11 , 64 bit Build 22621 (10.0.22621.4391)
Time: Wed Dec 11 22:48:04 2024 Mountain Standard Time elapsed time: 517.190557 seconds (0d 0h 8m 37s)

---------------  T H R E A D  ---------------

Current thread (0x0000023820a69030):  JavaThread "C2 CompilerThread0" daemon [_thread_in_native, id=29580, stack(0x00000060e7800000,0x00000060e7900000)]


Current CompileTask:
C2: 517191 1774   !   4       org.gradle.internal.logging.console.ThrottlingOutputEventListener::onOutput (85 bytes)

Stack: [0x00000060e7800000,0x00000060e7900000]
Native frames: (J=compiled Java code, j=interpreted, Vv=VM code, C=native code)
V  [jvm.dll+0x67a04a]
V  [jvm.dll+0x7da4ed]
V  [jvm.dll+0x7dbe33]
V  [jvm.dll+0x7dc4a3]
V  [jvm.dll+0x24508f]
V  [jvm.dll+0xab773]
V  [jvm.dll+0xabd3c]
V  [jvm.dll+0x361bee]
V  [jvm.dll+0x1ba45a]
V  [jvm.dll+0x216997]
V  [jvm.dll+0x215c6f]
V  [jvm.dll+0x1a2960]
V  [jvm.dll+0x22610b]
V  [jvm.dll+0x2242ab]
V  [jvm.dll+0x79075c]
V  [jvm.dll+0x78abea]
V  [jvm.dll+0x678f35]
C  [ucrtbase.dll+0x29333]
C  [KERNEL32.DLL+0x1259d]
C  [ntdll.dll+0x5af38]


---------------  P R O C E S S  ---------------

Threads class SMR info:
_java_thread_list=0x000002387e402520, length=13, elements={
0x00000238209a4680, 0x0000023820a4ee10, 0x0000023820a4fc90, 0x0000023820a65540,
0x0000023820a66f10, 0x0000023820a678d0, 0x0000023820a68290, 0x0000023820a69030,
0x0000023820a69ef0, 0x0000023820a6c900, 0x000002387d350440, 0x000002387d35abf0,
0x000002387e033050
}

Java Threads: ( => current thread )
  0x00000238209a4680 JavaThread "main" [_thread_in_native, id=29444, stack(0x00000060e6a00000,0x00000060e6b00000)]
  0x0000023820a4ee10 JavaThread "Reference Handler" daemon [_thread_blocked, id=29544, stack(0x00000060e7200000,0x00000060e7300000)]
  0x0000023820a4fc90 JavaThread "Finalizer" daemon [_thread_blocked, id=29548, stack(0x00000060e7300000,0x00000060e7400000)]
  0x0000023820a65540 JavaThread "Signal Dispatcher" daemon [_thread_blocked, id=29564, stack(0x00000060e7400000,0x00000060e7500000)]
  0x0000023820a66f10 JavaThread "Attach Listener" daemon [_thread_blocked, id=29568, stack(0x00000060e7500000,0x00000060e7600000)]
  0x0000023820a678d0 JavaThread "Service Thread" daemon [_thread_blocked, id=29572, stack(0x00000060e7600000,0x00000060e7700000)]
  0x0000023820a68290 JavaThread "Monitor Deflation Thread" daemon [_thread_blocked, id=29576, stack(0x00000060e7700000,0x00000060e7800000)]
=>0x0000023820a69030 JavaThread "C2 CompilerThread0" daemon [_thread_in_native, id=29580, stack(0x00000060e7800000,0x00000060e7900000)]
  0x0000023820a69ef0 JavaThread "C1 CompilerThread0" daemon [_thread_blocked, id=29584, stack(0x00000060e7900000,0x00000060e7a00000)]
  0x0000023820a6c900 JavaThread "Sweeper thread" daemon [_thread_blocked, id=29588, stack(0x00000060e7a00000,0x00000060e7b00000)]
  0x000002387d350440 JavaThread "Notification Thread" daemon [_thread_blocked, id=29636, stack(0x00000060e7b00000,0x00000060e7c00000)]
  0x000002387d35abf0 JavaThread "Common-Cleaner" daemon [_thread_blocked, id=29644, stack(0x00000060e7d00000,0x00000060e7e00000)]
  0x000002387e033050 JavaThread "pool-1-thread-1" [_thread_blocked, id=28292, stack(0x00000060e8100000,0x00000060e8200000)]

Other Threads:
  0x0000023820a46de0 VMThread "VM Thread" [stack: 0x00000060e7100000,0x00000060e7200000] [id=29540]
  0x000002387d354940 WatcherThread [stack: 0x00000060e7c00000,0x00000060e7d00000] [id=29640]
  0x00000238209c6e30 GCTaskThread "GC Thread#0" [stack: 0x00000060e6c00000,0x00000060e6d00000] [id=29500]
  0x000002387d8a85a0 GCTaskThread "GC Thread#1" [stack: 0x00000060e7e00000,0x00000060e7f00000] [id=26100]
  0x000002387d72fd10 GCTaskThread "GC Thread#2" [stack: 0x00000060e7f00000,0x00000060e8000000] [id=24740]
  0x000002387db19bd0 GCTaskThread "GC Thread#3" [stack: 0x00000060e8000000,0x00000060e8100000] [id=10072]
  0x000002387e586480 GCTaskThread "GC Thread#4" [stack: 0x00000060e8200000,0x00000060e8300000] [id=4872]
  0x000002387e2b8820 GCTaskThread "GC Thread#5" [stack: 0x00000060e8300000,0x00000060e8400000] [id=10372]
  0x000002387e0f4ab0 GCTaskThread "GC Thread#6" [stack: 0x00000060e8400000,0x00000060e8500000] [id=27992]
  0x00000238209c8580 ConcurrentGCThread "G1 Main Marker" [stack: 0x00000060e6d00000,0x00000060e6e00000] [id=29504]
  0x00000238209c8f90 ConcurrentGCThread "G1 Conc#0" [stack: 0x00000060e6e00000,0x00000060e6f00000] [id=29508]
  0x0000023820a26410 ConcurrentGCThread "G1 Refine#0" [stack: 0x00000060e6f00000,0x00000060e7000000] [id=29512]
  0x0000023820a26e40 ConcurrentGCThread "G1 Service" [stack: 0x00000060e7000000,0x00000060e7100000] [id=29516]

Threads with active compile tasks:
C2 CompilerThread0   517264 1774   !   4       org.gradle.internal.logging.console.ThrottlingOutputEventListener::onOutput (85 bytes)

VM state: not at safepoint (normal execution)

VM Mutex/Monitor currently owned by a thread: None

Heap address: 0x00000000fc000000, size: 64 MB, Compressed Oops mode: 32-bit

CDS archive(s) mapped at: [0x000002383c000000-0x000002383cbd0000-0x000002383cbd0000), size 12386304, SharedBaseAddress: 0x000002383c000000, ArchiveRelocationMode: 1.
Compressed class space mapped at: 0x000002383d000000-0x000002387d000000, reserved size: 1073741824
Narrow klass base: 0x000002383c000000, Narrow klass shift: 0, Narrow klass range: 0x100000000

GC Precious Log:
 CPUs: 8 total, 8 available
 Memory: 8033M
 Large Page Support: Disabled
 NUMA Support: Disabled
 Compressed Oops: Enabled (32-bit)
 Heap Region Size: 1M
 Heap Min Capacity: 64M
 Heap Initial Capacity: 64M
 Heap Max Capacity: 64M
 Pre-touch: Disabled
 Parallel Workers: 8
 Concurrent Workers: 2
 Concurrent Refinement Workers: 8
 Periodic GC: Disabled

Heap:
 garbage-first heap   total 65536K, used 22448K [0x00000000fc000000, 0x0000000100000000)
  region size 1024K, 15 young (15360K), 4 survivors (4096K)
 Metaspace       used 10044K, committed 10176K, reserved 1114112K
  class space    used 1317K, committed 1408K, reserved 1048576K

Heap Regions: E=young(eden), S=young(survivor), O=old, HS=humongous(starts), HC=humongous(continues), CS=collection set, F=free, OA=open archive, CA=closed archive, TAMS=top-at-mark-start (previous, next)
|   0|0x00000000fc000000, 0x00000000fc100000, 0x00000000fc100000|100%| O|  |TAMS 0x00000000fc000000, 0x00000000fc000000| Untracked 
|   1|0x00000000fc100000, 0x00000000fc200000, 0x00000000fc200000|100%|HS|  |TAMS 0x00000000fc100000, 0x00000000fc100000| Complete 
|   2|0x00000000fc200000, 0x00000000fc300000, 0x00000000fc300000|100%|HC|  |TAMS 0x00000000fc200000, 0x00000000fc200000| Complete 
|   3|0x00000000fc300000, 0x00000000fc400000, 0x00000000fc400000|100%|HC|  |TAMS 0x00000000fc300000, 0x00000000fc300000| Complete 
|   4|0x00000000fc400000, 0x00000000fc500000, 0x00000000fc500000|100%|HC|  |TAMS 0x00000000fc400000, 0x00000000fc400000| Complete 
|   5|0x00000000fc500000, 0x00000000fc600000, 0x00000000fc600000|100%| O|  |TAMS 0x00000000fc500000, 0x00000000fc500000| Untracked 
|   6|0x00000000fc600000, 0x00000000fc700000, 0x00000000fc700000|100%| O|  |TAMS 0x00000000fc600000, 0x00000000fc600000| Untracked 
|   7|0x00000000fc700000, 0x00000000fc800000, 0x00000000fc800000|100%| O|  |TAMS 0x00000000fc700000, 0x00000000fc700000| Untracked 
|   8|0x00000000fc800000, 0x00000000fc800000, 0x00000000fc900000|  0%| F|  |TAMS 0x00000000fc800000, 0x00000000fc800000| Untracked 
|   9|0x00000000fc900000, 0x00000000fc900000, 0x00000000fca00000|  0%| F|  |TAMS 0x00000000fc900000, 0x00000000fc900000| Untracked 
|  10|0x00000000fca00000, 0x00000000fca00000, 0x00000000fcb00000|  0%| F|  |TAMS 0x00000000fca00000, 0x00000000fca00000| Untracked 
|  11|0x00000000fcb00000, 0x00000000fcb00000, 0x00000000fcc00000|  0%| F|  |TAMS 0x00000000fcb00000, 0x00000000fcb00000| Untracked 
|  12|0x00000000fcc00000, 0x00000000fcc00000, 0x00000000fcd00000|  0%| F|  |TAMS 0x00000000fcc00000, 0x00000000fcc00000| Untracked 
|  13|0x00000000fcd00000, 0x00000000fcd00000, 0x00000000fce00000|  0%| F|  |TAMS 0x00000000fcd00000, 0x00000000fcd00000| Untracked 
|  14|0x00000000fce00000, 0x00000000fce00000, 0x00000000fcf00000|  0%| F|  |TAMS 0x00000000fce00000, 0x00000000fce00000| Untracked 
|  15|0x00000000fcf00000, 0x00000000fcf00000, 0x00000000fd000000|  0%| F|  |TAMS 0x00000000fcf00000, 0x00000000fcf00000| Untracked 
|  16|0x00000000fd000000, 0x00000000fd000000, 0x00000000fd100000|  0%| F|  |TAMS 0x00000000fd000000, 0x00000000fd000000| Untracked 
|  17|0x00000000fd100000, 0x00000000fd100000, 0x00000000fd200000|  0%| F|  |TAMS 0x00000000fd100000, 0x00000000fd100000| Untracked 
|  18|0x00000000fd200000, 0x00000000fd200000, 0x00000000fd300000|  0%| F|  |TAMS 0x00000000fd200000, 0x00000000fd200000| Untracked 
|  19|0x00000000fd300000, 0x00000000fd300000, 0x00000000fd400000|  0%| F|  |TAMS 0x00000000fd300000, 0x00000000fd300000| Untracked 
|  20|0x00000000fd400000, 0x00000000fd400000, 0x00000000fd500000|  0%| F|  |TAMS 0x00000000fd400000, 0x00000000fd400000| Untracked 
|  21|0x00000000fd500000, 0x00000000fd500000, 0x00000000fd600000|  0%| F|  |TAMS 0x00000000fd500000, 0x00000000fd500000| Untracked 
|  22|0x00000000fd600000, 0x00000000fd600000, 0x00000000fd700000|  0%| F|  |TAMS 0x00000000fd600000, 0x00000000fd600000| Untracked 
|  23|0x00000000fd700000, 0x00000000fd700000, 0x00000000fd800000|  0%| F|  |TAMS 0x00000000fd700000, 0x00000000fd700000| Untracked 
|  24|0x00000000fd800000, 0x00000000fd800000, 0x00000000fd900000|  0%| F|  |TAMS 0x00000000fd800000, 0x00000000fd800000| Untracked 
|  25|0x00000000fd900000, 0x00000000fd900000, 0x00000000fda00000|  0%| F|  |TAMS 0x00000000fd900000, 0x00000000fd900000| Untracked 
|  26|0x00000000fda00000, 0x00000000fda00000, 0x00000000fdb00000|  0%| F|  |TAMS 0x00000000fda00000, 0x00000000fda00000| Untracked 
|  27|0x00000000fdb00000, 0x00000000fdb00000, 0x00000000fdc00000|  0%| F|  |TAMS 0x00000000fdb00000, 0x00000000fdb00000| Untracked 
|  28|0x00000000fdc00000, 0x00000000fdc00000, 0x00000000fdd00000|  0%| F|  |TAMS 0x00000000fdc00000, 0x00000000fdc00000| Untracked 
|  29|0x00000000fdd00000, 0x00000000fddec058, 0x00000000fde00000| 92%| S|CS|TAMS 0x00000000fdd00000, 0x00000000fdd00000| Complete 
|  30|0x00000000fde00000, 0x00000000fdf00000, 0x00000000fdf00000|100%| S|CS|TAMS 0x00000000fde00000, 0x00000000fde00000| Complete 
|  31|0x00000000fdf00000, 0x00000000fe000000, 0x00000000fe000000|100%| S|CS|TAMS 0x00000000fdf00000, 0x00000000fdf00000| Complete 
|  32|0x00000000fe000000, 0x00000000fe100000, 0x00000000fe100000|100%| S|CS|TAMS 0x00000000fe000000, 0x00000000fe000000| Complete 
|  33|0x00000000fe100000, 0x00000000fe100000, 0x00000000fe200000|  0%| F|  |TAMS 0x00000000fe100000, 0x00000000fe100000| Untracked 
|  34|0x00000000fe200000, 0x00000000fe200000, 0x00000000fe300000|  0%| F|  |TAMS 0x00000000fe200000, 0x00000000fe200000| Untracked 
|  35|0x00000000fe300000, 0x00000000fe300000, 0x00000000fe400000|  0%| F|  |TAMS 0x00000000fe300000, 0x00000000fe300000| Untracked 
|  36|0x00000000fe400000, 0x00000000fe400000, 0x00000000fe500000|  0%| F|  |TAMS 0x00000000fe400000, 0x00000000fe400000| Untracked 
|  37|0x00000000fe500000, 0x00000000fe500000, 0x00000000fe600000|  0%| F|  |TAMS 0x00000000fe500000, 0x00000000fe500000| Untracked 
|  38|0x00000000fe600000, 0x00000000fe600000, 0x00000000fe700000|  0%| F|  |TAMS 0x00000000fe600000, 0x00000000fe600000| Untracked 
|  39|0x00000000fe700000, 0x00000000fe700000, 0x00000000fe800000|  0%| F|  |TAMS 0x00000000fe700000, 0x00000000fe700000| Untracked 
|  40|0x00000000fe800000, 0x00000000fe800000, 0x00000000fe900000|  0%| F|  |TAMS 0x00000000fe800000, 0x00000000fe800000| Untracked 
|  41|0x00000000fe900000, 0x00000000fe900000, 0x00000000fea00000|  0%| F|  |TAMS 0x00000000fe900000, 0x00000000fe900000| Untracked 
|  42|0x00000000fea00000, 0x00000000fea00000, 0x00000000feb00000|  0%| F|  |TAMS 0x00000000fea00000, 0x00000000fea00000| Untracked 
|  43|0x00000000feb00000, 0x00000000feb00000, 0x00000000fec00000|  0%| F|  |TAMS 0x00000000feb00000, 0x00000000feb00000| Untracked 
|  44|0x00000000fec00000, 0x00000000fec00000, 0x00000000fed00000|  0%| F|  |TAMS 0x00000000fec00000, 0x00000000fec00000| Untracked 
|  45|0x00000000fed00000, 0x00000000fed00000, 0x00000000fee00000|  0%| F|  |TAMS 0x00000000fed00000, 0x00000000fed00000| Untracked 
|  46|0x00000000fee00000, 0x00000000fee00000, 0x00000000fef00000|  0%| F|  |TAMS 0x00000000fee00000, 0x00000000fee00000| Untracked 
|  47|0x00000000fef00000, 0x00000000fef00000, 0x00000000ff000000|  0%| F|  |TAMS 0x00000000fef00000, 0x00000000fef00000| Untracked 
|  48|0x00000000ff000000, 0x00000000ff000000, 0x00000000ff100000|  0%| F|  |TAMS 0x00000000ff000000, 0x00000000ff000000| Untracked 
|  49|0x00000000ff100000, 0x00000000ff100000, 0x00000000ff200000|  0%| F|  |TAMS 0x00000000ff100000, 0x00000000ff100000| Untracked 
|  50|0x00000000ff200000, 0x00000000ff200000, 0x00000000ff300000|  0%| F|  |TAMS 0x00000000ff200000, 0x00000000ff200000| Untracked 
|  51|0x00000000ff300000, 0x00000000ff300000, 0x00000000ff400000|  0%| F|  |TAMS 0x00000000ff300000, 0x00000000ff300000| Untracked 
|  52|0x00000000ff400000, 0x00000000ff400000, 0x00000000ff500000|  0%| F|  |TAMS 0x00000000ff400000, 0x00000000ff400000| Untracked 
|  53|0x00000000ff500000, 0x00000000ff5a6fe8, 0x00000000ff600000| 65%| E|  |TAMS 0x00000000ff500000, 0x00000000ff500000| Complete 
|  54|0x00000000ff600000, 0x00000000ff700000, 0x00000000ff700000|100%| E|CS|TAMS 0x00000000ff600000, 0x00000000ff600000| Complete 
|  55|0x00000000ff700000, 0x00000000ff800000, 0x00000000ff800000|100%| E|CS|TAMS 0x00000000ff700000, 0x00000000ff700000| Complete 
|  56|0x00000000ff800000, 0x00000000ff900000, 0x00000000ff900000|100%| E|CS|TAMS 0x00000000ff800000, 0x00000000ff800000| Complete 
|  57|0x00000000ff900000, 0x00000000ffa00000, 0x00000000ffa00000|100%| E|CS|TAMS 0x00000000ff900000, 0x00000000ff900000| Complete 
|  58|0x00000000ffa00000, 0x00000000ffb00000, 0x00000000ffb00000|100%| E|CS|TAMS 0x00000000ffa00000, 0x00000000ffa00000| Complete 
|  59|0x00000000ffb00000, 0x00000000ffc00000, 0x00000000ffc00000|100%| E|CS|TAMS 0x00000000ffb00000, 0x00000000ffb00000| Complete 
|  60|0x00000000ffc00000, 0x00000000ffd00000, 0x00000000ffd00000|100%| E|CS|TAMS 0x00000000ffc00000, 0x00000000ffc00000| Complete 
|  61|0x00000000ffd00000, 0x00000000ffe00000, 0x00000000ffe00000|100%| E|CS|TAMS 0x00000000ffd00000, 0x00000000ffd00000| Complete 
|  62|0x00000000ffe00000, 0x00000000fff00000, 0x00000000fff00000|100%| E|CS|TAMS 0x00000000ffe00000, 0x00000000ffe00000| Complete 
|  63|0x00000000fff00000, 0x0000000100000000, 0x0000000100000000|100%| E|CS|TAMS 0x00000000fff00000, 0x00000000fff00000| Complete 

Card table byte_map: [0x00000238394c0000,0x00000238394e0000] _byte_map_base: 0x0000023838ce0000

Marking Bits (Prev, Next): (CMBitMap*) 0x00000238209c7450, (CMBitMap*) 0x00000238209c7490
 Prev Bits: [0x0000023839500000, 0x0000023839600000)
 Next Bits: [0x0000023839600000, 0x0000023839700000)

Polling page: 0x0000023820a70000

Metaspace:

Usage:
  Non-class:      8.52 MB used.
      Class:      1.29 MB used.
       Both:      9.81 MB used.

Virtual space:
  Non-class space:       64.00 MB reserved,       8.56 MB ( 13%) committed,  1 nodes.
      Class space:        1.00 GB reserved,       1.38 MB ( <1%) committed,  1 nodes.
             Both:        1.06 GB reserved,       9.94 MB ( <1%) committed. 

Chunk freelists:
   Non-Class:  7.38 MB
       Class:  14.58 MB
        Both:  21.95 MB

MaxMetaspaceSize: unlimited
CompressedClassSpaceSize: 1.00 GB
Initial GC threshold: 21.00 MB
Current GC threshold: 21.00 MB
CDS: on
MetaspaceReclaimPolicy: balanced
 - commit_granule_bytes: 65536.
 - commit_granule_words: 8192.
 - virtual_space_node_default_size: 8388608.
 - enlarge_chunks_in_place: 1.
 - new_chunks_are_fully_committed: 0.
 - uncommit_free_chunks: 1.
 - use_allocation_guard: 0.
 - handle_deallocations: 1.


Internal statistics:

num_allocs_failed_limit: 0.
num_arena_births: 84.
num_arena_deaths: 0.
num_vsnodes_births: 2.
num_vsnodes_deaths: 0.
num_space_committed: 159.
num_space_uncommitted: 0.
num_chunks_returned_to_freelist: 0.
num_chunks_taken_from_freelist: 355.
num_chunk_merges: 0.
num_chunk_splits: 237.
num_chunks_enlarged: 199.
num_inconsistent_stats: 0.

CodeHeap 'non-profiled nmethods': size=120000Kb used=789Kb max_used=789Kb free=119210Kb
 bounds [0x0000023831510000, 0x0000023831780000, 0x0000023838a40000]
CodeHeap 'profiled nmethods': size=120000Kb used=3478Kb max_used=3478Kb free=116522Kb
 bounds [0x0000023829a40000, 0x0000023829db0000, 0x0000023830f70000]
CodeHeap 'non-nmethods': size=5760Kb used=1176Kb max_used=1199Kb free=4583Kb
 bounds [0x0000023830f70000, 0x00000238311e0000, 0x0000023831510000]
 total_blobs=2248 nmethods=1772 adapters=389
 compilation: enabled
              stopped_count=0, restarted_count=0
 full_count=0

Compilation events (20 events):
Event: 441.790 Thread 0x0000023820a69ef0 nmethod 1764 0x0000023829d9df90 code [0x0000023829d9e140, 0x0000023829d9e478]
Event: 441.790 Thread 0x0000023820a69ef0 1765   !   3       org.gradle.internal.logging.sink.OutputEventTransformer::invokeListener (28 bytes)
Event: 441.796 Thread 0x0000023820a69ef0 nmethod 1765 0x0000023829d9e610 code [0x0000023829d9e7c0, 0x0000023829d9ea88]
Event: 441.796 Thread 0x0000023820a69ef0 1766   !   3       jdk.proxy1.$Proxy0::onOutput (34 bytes)
Event: 441.805 Thread 0x0000023820a69ef0 nmethod 1766 0x0000023829d9ec10 code [0x0000023829d9ede0, 0x0000023829d9f2f8]
Event: 445.930 Thread 0x0000023820a69030 1767       4       java.util.concurrent.TimeUnit::toMillis (69 bytes)
Event: 445.939 Thread 0x0000023820a69030 nmethod 1767 0x00000238315d2790 code [0x00000238315d2900, 0x00000238315d2a18]
Event: 452.930 Thread 0x0000023820a69030 1768       4       org.gradle.internal.logging.sink.GroupingProgressLogEventGenerator::onUpdateNow (54 bytes)
Event: 453.032 Thread 0x0000023820a69030 nmethod 1768 0x00000238315d2a90 code [0x00000238315d2d20, 0x00000238315d3a30]
Event: 494.138 Thread 0x0000023820a69ef0 1769       3       org.gradle.launcher.daemon.protocol.Message::<init> (5 bytes)
Event: 494.144 Thread 0x0000023820a69ef0 nmethod 1769 0x0000023829d9f510 code [0x0000023829d9f6a0, 0x0000023829d9f7f8]
Event: 494.145 Thread 0x0000023820a69ef0 1770   !   3       org.gradle.launcher.daemon.client.DaemonClientConnection::receive (81 bytes)
Event: 494.188 Thread 0x0000023820a69ef0 nmethod 1770 0x0000023829d9f890 code [0x0000023829d9fb20, 0x0000023829da06f8]
Event: 494.188 Thread 0x0000023820a69ef0 1771   !   3       org.gradle.internal.remote.internal.inet.SocketConnection::receive (142 bytes)
Event: 494.221 Thread 0x0000023820a69ef0 nmethod 1771 0x0000023829da0e90 code [0x0000023829da1440, 0x0000023829da4678]
Event: 516.117 Thread 0x0000023820a69030 1772       4       java.util.ArrayList::remove (26 bytes)
Event: 516.133 Thread 0x0000023820a69030 nmethod 1772 0x00000238315d4b90 code [0x00000238315d4d20, 0x00000238315d4f78]
Event: 516.134 Thread 0x0000023820a69030 1773       4       java.util.ArrayList::fastRemove (44 bytes)
Event: 516.136 Thread 0x0000023820a69030 nmethod 1773 0x00000238315d5110 code [0x00000238315d5280, 0x00000238315d5478]
Event: 516.938 Thread 0x0000023820a69030 1774   !   4       org.gradle.internal.logging.console.ThrottlingOutputEventListener::onOutput (85 bytes)

GC Heap History (4 events):
Event: 3.917 GC heap before
{Heap before GC invocations=0 (full 0):
 garbage-first heap   total 65536K, used 23552K [0x00000000fc000000, 0x0000000100000000)
  region size 1024K, 23 young (23552K), 0 survivors (0K)
 Metaspace       used 1839K, committed 1984K, reserved 1114112K
  class space    used 158K, committed 192K, reserved 1048576K
}
Event: 3.993 GC heap after
{Heap after GC invocations=1 (full 0):
 garbage-first heap   total 65536K, used 4018K [0x00000000fc000000, 0x0000000100000000)
  region size 1024K, 3 young (3072K), 3 survivors (3072K)
 Metaspace       used 1839K, committed 1984K, reserved 1114112K
  class space    used 158K, committed 192K, reserved 1048576K
}
Event: 8.430 GC heap before
{Heap before GC invocations=1 (full 0):
 garbage-first heap   total 65536K, used 35762K [0x00000000fc000000, 0x0000000100000000)
  region size 1024K, 31 young (31744K), 3 survivors (3072K)
 Metaspace       used 8124K, committed 8320K, reserved 1114112K
  class space    used 1103K, committed 1216K, reserved 1048576K
}
Event: 8.438 GC heap after
{Heap after GC invocations=2 (full 0):
 garbage-first heap   total 65536K, used 12208K [0x00000000fc000000, 0x0000000100000000)
  region size 1024K, 4 young (4096K), 4 survivors (4096K)
 Metaspace       used 8124K, committed 8320K, reserved 1114112K
  class space    used 1103K, committed 1216K, reserved 1048576K
}

Deoptimization events (20 events):
Event: 9.368 Thread 0x000002387e59efb0 Uncommon trap: trap_request=0xffffff45 fr.pc=0x000002383159bd20 relative=0x0000000000000400
Event: 9.368 Thread 0x000002387e59efb0 Uncommon trap: reason=unstable_if action=reinterpret pc=0x000002383159bd20 method=java.lang.AbstractStringBuilder.isLatin1()Z @ 10 c2
Event: 9.368 Thread 0x000002387e59efb0 DEOPT PACKING pc=0x000002383159bd20 sp=0x00000060e85fef50
Event: 9.368 Thread 0x000002387e59efb0 DEOPT UNPACKING pc=0x0000023830fc23a3 sp=0x00000060e85feed0 mode 2
Event: 42.718 Thread 0x000002387e59efb0 Uncommon trap: trap_request=0xffffff45 fr.pc=0x000002383151d684 relative=0x0000000000000084
Event: 42.718 Thread 0x000002387e59efb0 Uncommon trap: reason=unstable_if action=reinterpret pc=0x000002383151d684 method=java.lang.String.codePointAt(I)I @ 4 c2
Event: 42.718 Thread 0x000002387e59efb0 DEOPT PACKING pc=0x000002383151d684 sp=0x00000060e85feee0
Event: 42.719 Thread 0x000002387e59efb0 DEOPT UNPACKING pc=0x0000023830fc23a3 sp=0x00000060e85fee78 mode 2
Event: 43.151 Thread 0x00000238209a4680 Uncommon trap: trap_request=0xffffff45 fr.pc=0x00000238315b3354 relative=0x0000000000001b54
Event: 43.151 Thread 0x00000238209a4680 Uncommon trap: reason=unstable_if action=reinterpret pc=0x00000238315b3354 method=sun.nio.fs.WindowsPathParser.nextNonSlash(Ljava/lang/String;II)I @ 2 c2
Event: 43.151 Thread 0x00000238209a4680 DEOPT PACKING pc=0x00000238315b3354 sp=0x00000060e6afc110
Event: 43.151 Thread 0x00000238209a4680 DEOPT UNPACKING pc=0x0000023830fc23a3 sp=0x00000060e6afc090 mode 2
Event: 43.251 Thread 0x00000238209a4680 Uncommon trap: trap_request=0xffffff45 fr.pc=0x0000023831559400 relative=0x0000000000000280
Event: 43.251 Thread 0x00000238209a4680 Uncommon trap: reason=unstable_if action=reinterpret pc=0x0000023831559400 method=java.util.HashMap.putVal(ILjava/lang/Object;Ljava/lang/Object;ZZ)Ljava/lang/Object; @ 162 c2
Event: 43.251 Thread 0x00000238209a4680 DEOPT PACKING pc=0x0000023831559400 sp=0x00000060e6afb290
Event: 43.251 Thread 0x00000238209a4680 DEOPT UNPACKING pc=0x0000023830fc23a3 sp=0x00000060e6afb1b8 mode 2
Event: 43.346 Thread 0x00000238209a4680 Uncommon trap: trap_request=0xffffff45 fr.pc=0x00000238315a0fa0 relative=0x00000000000004c0
Event: 43.346 Thread 0x00000238209a4680 Uncommon trap: reason=unstable_if action=reinterpret pc=0x00000238315a0fa0 method=java.lang.invoke.VarForm.getMemberNameOrNull(I)Ljava/lang/invoke/MemberName; @ 8 c2
Event: 43.346 Thread 0x00000238209a4680 DEOPT PACKING pc=0x00000238315a0fa0 sp=0x00000060e6afd2f0
Event: 43.346 Thread 0x00000238209a4680 DEOPT UNPACKING pc=0x0000023830fc23a3 sp=0x00000060e6afd1e0 mode 2

Classes unloaded (0 events):
No events

Classes redefined (0 events):
No events

Internal exceptions (20 events):
Event: 8.317 Thread 0x00000238209a4680 Exception <a 'java/lang/NoSuchMethodError'{0x00000000fe2e7b30}: 'void java.lang.invoke.DirectMethodHandle$Holder.invokeStatic(java.lang.Object, java.lang.Object, java.lang.Object)'> (0x00000000fe2e7b30) 
thrown [s\open\src\hotspot\share\interpreter\linkResolver.cpp, line 759]
Event: 9.301 Thread 0x000002387e59efb0 Exception <a 'java/lang/NoSuchMethodError'{0x00000000ff98e5e0}: 'void java.lang.invoke.DirectMethodHandle$Holder.invokeStatic(java.lang.Object, long)'> (0x00000000ff98e5e0) 
thrown [s\open\src\hotspot\share\interpreter\linkResolver.cpp, line 759]
Event: 9.302 Thread 0x000002387e59efb0 Exception <a 'java/lang/NoSuchMethodError'{0x00000000ff993f38}: 'java.lang.Object java.lang.invoke.DirectMethodHandle$Holder.newInvokeSpecial(java.lang.Object, long)'> (0x00000000ff993f38) 
thrown [s\open\src\hotspot\share\interpreter\linkResolver.cpp, line 759]
Event: 9.305 Thread 0x000002387e59efb0 Exception <a 'java/lang/NoSuchMethodError'{0x00000000ff99f010}: 'java.lang.Object java.lang.invoke.DirectMethodHandle$Holder.invokeStaticInit(java.lang.Object, java.lang.Object, long, java.lang.Object)'> (0x00000000ff99f010) 
thrown [s\open\src\hotspot\share\interpreter\linkResolver.cpp, line 759]
Event: 9.306 Thread 0x000002387e59efb0 Exception <a 'java/lang/NoSuchMethodError'{0x00000000ff9a5698}: 'java.lang.Object java.lang.invoke.DirectMethodHandle$Holder.newInvokeSpecial(java.lang.Object, java.lang.Object, long)'> (0x00000000ff9a5698) 
thrown [s\open\src\hotspot\share\interpreter\linkResolver.cpp, line 759]
Event: 9.307 Thread 0x000002387e59efb0 Exception <a 'java/lang/NoSuchMethodError'{0x00000000ff9a9988}: 'java.lang.Object java.lang.invoke.Invokers$Holder.linkToTargetMethod(java.lang.Object, long, java.lang.Object)'> (0x00000000ff9a9988) 
thrown [s\open\src\hotspot\share\interpreter\linkResolver.cpp, line 759]
Event: 374.081 Thread 0x000002387e033050 Exception <a 'java/io/IOException'{0x00000000ff56e368}> (0x00000000ff56e368) 
thrown [s\open\src\hotspot\share\prims\jni.cpp, line 516]
Event: 374.082 Thread 0x000002387e033050 Exception <a 'java/io/IOException'{0x00000000ff56e920}> (0x00000000ff56e920) 
thrown [s\open\src\hotspot\share\prims\jni.cpp, line 516]
Event: 374.089 Thread 0x000002387e033050 Exception <a 'java/io/IOException'{0x00000000ff56f198}> (0x00000000ff56f198) 
thrown [s\open\src\hotspot\share\prims\jni.cpp, line 516]
Event: 374.089 Thread 0x000002387e033050 Exception <a 'java/io/IOException'{0x00000000ff56f750}> (0x00000000ff56f750) 
thrown [s\open\src\hotspot\share\prims\jni.cpp, line 516]
Event: 374.089 Thread 0x000002387e033050 Exception <a 'java/io/IOException'{0x00000000ff56fdb8}> (0x00000000ff56fdb8) 
thrown [s\open\src\hotspot\share\prims\jni.cpp, line 516]
Event: 374.089 Thread 0x000002387e033050 Exception <a 'java/io/IOException'{0x00000000ff570370}> (0x00000000ff570370) 
thrown [s\open\src\hotspot\share\prims\jni.cpp, line 516]
Event: 374.091 Thread 0x000002387e033050 Exception <a 'java/io/IOException'{0x00000000ff570a90}> (0x00000000ff570a90) 
thrown [s\open\src\hotspot\share\prims\jni.cpp, line 516]
Event: 374.091 Thread 0x000002387e033050 Exception <a 'java/io/IOException'{0x00000000ff571048}> (0x00000000ff571048) 
thrown [s\open\src\hotspot\share\prims\jni.cpp, line 516]
Event: 374.091 Thread 0x000002387e033050 Exception <a 'java/io/IOException'{0x00000000ff571650}> (0x00000000ff571650) 
thrown [s\open\src\hotspot\share\prims\jni.cpp, line 516]
Event: 374.091 Thread 0x000002387e033050 Exception <a 'java/io/IOException'{0x00000000ff571c08}> (0x00000000ff571c08) 
thrown [s\open\src\hotspot\share\prims\jni.cpp, line 516]
Event: 374.092 Thread 0x000002387e033050 Exception <a 'java/io/IOException'{0x00000000ff5722e0}> (0x00000000ff5722e0) 
thrown [s\open\src\hotspot\share\prims\jni.cpp, line 516]
Event: 374.092 Thread 0x000002387e033050 Exception <a 'java/io/IOException'{0x00000000ff572898}> (0x00000000ff572898) 
thrown [s\open\src\hotspot\share\prims\jni.cpp, line 516]
Event: 374.092 Thread 0x000002387e033050 Exception <a 'java/io/IOException'{0x00000000ff572ea0}> (0x00000000ff572ea0) 
thrown [s\open\src\hotspot\share\prims\jni.cpp, line 516]
Event: 374.092 Thread 0x000002387e033050 Exception <a 'java/io/IOException'{0x00000000ff573458}> (0x00000000ff573458) 
thrown [s\open\src\hotspot\share\prims\jni.cpp, line 516]

VM Operations (20 events):
Event: 218.884 Executing VM operation: Cleanup
Event: 218.884 Executing VM operation: Cleanup done
Event: 220.889 Executing VM operation: Cleanup
Event: 220.889 Executing VM operation: Cleanup done
Event: 240.593 Executing VM operation: HandshakeAllThreads
Event: 240.593 Executing VM operation: HandshakeAllThreads done
Event: 261.843 Executing VM operation: Cleanup
Event: 261.843 Executing VM operation: Cleanup done
Event: 279.020 Executing VM operation: Cleanup
Event: 279.022 Executing VM operation: Cleanup done
Event: 373.921 Executing VM operation: Cleanup
Event: 373.940 Executing VM operation: Cleanup done
Event: 374.949 Executing VM operation: Cleanup
Event: 374.950 Executing VM operation: Cleanup done
Event: 441.565 Executing VM operation: Cleanup
Event: 441.571 Executing VM operation: Cleanup done
Event: 442.580 Executing VM operation: Cleanup
Event: 442.583 Executing VM operation: Cleanup done
Event: 486.957 Executing VM operation: Cleanup
Event: 486.966 Executing VM operation: Cleanup done

Events (20 events):
Event: 43.340 loading class sun/nio/ch/SourceChannelImpl
Event: 43.340 loading class java/nio/channels/Pipe$SourceChannel
Event: 43.340 loading class java/nio/channels/Pipe$SourceChannel done
Event: 43.340 loading class sun/nio/ch/SourceChannelImpl done
Event: 43.340 loading class sun/nio/ch/SinkChannelImpl
Event: 43.341 loading class java/nio/channels/Pipe$SinkChannel
Event: 43.341 loading class java/nio/channels/Pipe$SinkChannel done
Event: 43.341 loading class sun/nio/ch/SinkChannelImpl done
Event: 43.345 loading class sun/nio/ch/SelectionKeyImpl
Event: 43.345 loading class java/nio/channels/spi/AbstractSelectionKey
Event: 43.345 loading class java/nio/channels/SelectionKey
Event: 43.345 loading class java/nio/channels/SelectionKey done
Event: 43.345 loading class java/nio/channels/spi/AbstractSelectionKey done
Event: 43.345 loading class sun/nio/ch/SelectionKeyImpl done
Event: 43.345 loading class java/lang/invoke/ConstantBootstraps
Event: 43.346 loading class java/lang/invoke/ConstantBootstraps done
Event: 43.402 loading class java/nio/channels/spi/AbstractSelector$1
Event: 43.403 loading class java/nio/channels/spi/AbstractSelector$1 done
Event: 43.489 loading class java/util/concurrent/Executors$FinalizableDelegatedExecutorService
Event: 43.489 loading class java/util/concurrent/Executors$FinalizableDelegatedExecutorService done


Dynamic libraries:
0x00007ff7271f0000 - 0x00007ff727200000 	C:\Program Files\Java\jdk-17\bin\java.exe
0x00007ffb014b0000 - 0x00007ffb016c7000 	C:\WINDOWS\SYSTEM32\ntdll.dll
0x00007ffaff380000 - 0x00007ffaff444000 	C:\WINDOWS\System32\KERNEL32.DLL
0x00007ffafe7b0000 - 0x00007ffafeb69000 	C:\WINDOWS\System32\KERNELBASE.dll
0x00007ffafece0000 - 0x00007ffafedf1000 	C:\WINDOWS\System32\ucrtbase.dll
0x00007ffac1d40000 - 0x00007ffac1d59000 	C:\Program Files\Java\jdk-17\bin\jli.dll
0x00007ffaffff0000 - 0x00007ffb000a2000 	C:\WINDOWS\System32\ADVAPI32.dll
0x00007ffb00fe0000 - 0x00007ffb01087000 	C:\WINDOWS\System32\msvcrt.dll
0x00007ffaff6c0000 - 0x00007ffaff767000 	C:\WINDOWS\System32\sechost.dll
0x00007ffaff1a0000 - 0x00007ffaff1c8000 	C:\WINDOWS\System32\bcrypt.dll
0x00007ffb01350000 - 0x00007ffb01464000 	C:\WINDOWS\System32\RPCRT4.dll
0x00007ffaffdf0000 - 0x00007ffafff9e000 	C:\WINDOWS\System32\USER32.dll
0x00007ffaff170000 - 0x00007ffaff196000 	C:\WINDOWS\System32\win32u.dll
0x00007ffb00fb0000 - 0x00007ffb00fd9000 	C:\WINDOWS\System32\GDI32.dll
0x00007ffaff050000 - 0x00007ffaff16b000 	C:\WINDOWS\System32\gdi32full.dll
0x00007ffafee00000 - 0x00007ffafee9a000 	C:\WINDOWS\System32\msvcp_win.dll
0x00007ffabb4c0000 - 0x00007ffabb4db000 	C:\Program Files\Java\jdk-17\bin\VCRUNTIME140.dll
0x00007ffae1a10000 - 0x00007ffae1ca2000 	C:\WINDOWS\WinSxS\amd64_microsoft.windows.common-controls_6595b64144ccf1df_6.0.22621.4391_none_2715d37f73803e96\COMCTL32.dll
0x00007ffaf88f0000 - 0x00007ffaf88fa000 	C:\WINDOWS\SYSTEM32\VERSION.dll
0x00007ffafffa0000 - 0x00007ffafffd1000 	C:\WINDOWS\System32\IMM32.DLL
0x00007ffafa500000 - 0x00007ffafa50c000 	C:\Program Files\Java\jdk-17\bin\vcruntime140_1.dll
0x00007ffa6f9b0000 - 0x00007ffa6fa3e000 	C:\Program Files\Java\jdk-17\bin\msvcp140.dll
0x00007ff9e9ec0000 - 0x00007ff9eaaa0000 	C:\Program Files\Java\jdk-17\bin\server\jvm.dll
0x00007ffaff6b0000 - 0x00007ffaff6b8000 	C:\WINDOWS\System32\PSAPI.DLL
0x00007ffaddee0000 - 0x00007ffaddee9000 	C:\WINDOWS\SYSTEM32\WSOCK32.dll
0x00007ffaff450000 - 0x00007ffaff4c1000 	C:\WINDOWS\System32\WS2_32.dll
0x00007ffafadc0000 - 0x00007ffafadf4000 	C:\WINDOWS\SYSTEM32\WINMM.dll
0x00007ffafd820000 - 0x00007ffafd838000 	C:\WINDOWS\SYSTEM32\kernel.appcore.dll
0x00007ffae5580000 - 0x00007ffae558a000 	C:\Program Files\Java\jdk-17\bin\jimage.dll
0x00007ffafbde0000 - 0x00007ffafc012000 	C:\WINDOWS\SYSTEM32\DBGHELP.DLL
0x00007ffb00940000 - 0x00007ffb00ccf000 	C:\WINDOWS\System32\combase.dll
0x00007ffaff5d0000 - 0x00007ffaff6a7000 	C:\WINDOWS\System32\OLEAUT32.dll
0x00007ffafb0c0000 - 0x00007ffafb0f2000 	C:\WINDOWS\SYSTEM32\dbgcore.DLL
0x00007ffafefd0000 - 0x00007ffaff04b000 	C:\WINDOWS\System32\bcryptPrimitives.dll
0x00007ffaac290000 - 0x00007ffaac2b5000 	C:\Program Files\Java\jdk-17\bin\java.dll
0x00007ffa44f40000 - 0x00007ffa45017000 	C:\Program Files\Java\jdk-17\bin\jsvml.dll
0x00007ffb000c0000 - 0x00007ffb00936000 	C:\WINDOWS\System32\SHELL32.dll
0x00007ffafc6a0000 - 0x00007ffafcfa3000 	C:\WINDOWS\SYSTEM32\windows.storage.dll
0x00007ffafc560000 - 0x00007ffafc69f000 	C:\WINDOWS\SYSTEM32\wintypes.dll
0x00007ffb01250000 - 0x00007ffb01349000 	C:\WINDOWS\System32\SHCORE.dll
0x00007ffb00cd0000 - 0x00007ffb00d2e000 	C:\WINDOWS\System32\shlwapi.dll
0x00007ffafe6e0000 - 0x00007ffafe70b000 	C:\WINDOWS\SYSTEM32\profapi.dll
0x00007ffaac180000 - 0x00007ffaac199000 	C:\Program Files\Java\jdk-17\bin\net.dll
0x00007ffafa9f0000 - 0x00007ffafab26000 	C:\WINDOWS\SYSTEM32\WINHTTP.dll
0x00007ffafdd20000 - 0x00007ffafdd89000 	C:\WINDOWS\system32\mswsock.dll
0x00007ffaab580000 - 0x00007ffaab596000 	C:\Program Files\Java\jdk-17\bin\nio.dll
0x00007ffa9f4a0000 - 0x00007ffa9f4b8000 	C:\Program Files\Java\jdk-17\bin\zip.dll
0x00007ffae5550000 - 0x00007ffae5560000 	C:\Program Files\Java\jdk-17\bin\verify.dll
0x00007ffa99080000 - 0x00007ffa990a7000 	C:\Users\Ahmad Baker\.gradle\native\c067742578af261105cb4f569cf0c3c89f3d7b1fecec35dd04571415982c5e48\windows-amd64\native-platform.dll
0x00007ffad4270000 - 0x00007ffad427a000 	C:\Program Files\Java\jdk-17\bin\management.dll
0x00007ffabb250000 - 0x00007ffabb25b000 	C:\Program Files\Java\jdk-17\bin\management_ext.dll
0x00007ffafdf50000 - 0x00007ffafdf6b000 	C:\WINDOWS\SYSTEM32\CRYPTSP.dll
0x00007ffafd710000 - 0x00007ffafd745000 	C:\WINDOWS\system32\rsaenh.dll
0x00007ffafdde0000 - 0x00007ffafde08000 	C:\WINDOWS\SYSTEM32\USERENV.dll
0x00007ffafdf70000 - 0x00007ffafdf7c000 	C:\WINDOWS\SYSTEM32\CRYPTBASE.dll
0x00007ffafd210000 - 0x00007ffafd23d000 	C:\WINDOWS\SYSTEM32\IPHLPAPI.DLL
0x00007ffafffe0000 - 0x00007ffafffe9000 	C:\WINDOWS\System32\NSI.dll
0x00007ffafa900000 - 0x00007ffafa919000 	C:\WINDOWS\SYSTEM32\dhcpcsvc6.DLL
0x00007ffafa750000 - 0x00007ffafa76f000 	C:\WINDOWS\SYSTEM32\dhcpcsvc.DLL
0x00007ffafd280000 - 0x00007ffafd382000 	C:\WINDOWS\SYSTEM32\DNSAPI.dll
0x00007ffae2b30000 - 0x00007ffae2b3e000 	C:\Program Files\Java\jdk-17\bin\sunmscapi.dll
0x00007ffafeb70000 - 0x00007ffafecd6000 	C:\WINDOWS\System32\CRYPT32.dll
0x00007ffafe150000 - 0x00007ffafe17d000 	C:\WINDOWS\SYSTEM32\ncrypt.dll
0x00007ffafe110000 - 0x00007ffafe147000 	C:\WINDOWS\SYSTEM32\NTASN1.dll
0x00007ffafab60000 - 0x00007ffafab68000 	C:\WINDOWS\system32\wshunix.dll

dbghelp: loaded successfully - version: 4.0.5 - missing functions: none
symbol engine: initialized successfully - sym options: 0x614 - pdb path: .;C:\Program Files\Java\jdk-17\bin;C:\WINDOWS\SYSTEM32;C:\WINDOWS\WinSxS\amd64_microsoft.windows.common-controls_6595b64144ccf1df_6.0.22621.4391_none_2715d37f73803e96;C:\Program Files\Java\jdk-17\bin\server;C:\Users\Ahmad Baker\.gradle\native\c067742578af261105cb4f569cf0c3c89f3d7b1fecec35dd04571415982c5e48\windows-amd64

VM Arguments:
jvm_args: -Xmx64m -Xms64m -Dorg.gradle.appname=gradlew 
java_command: org.gradle.wrapper.GradleWrapperMain app:installDebug -PreactNativeDevServerPort=8081
java_class_path (initial): C:\CPRG303\dropngo\android\\gradle\wrapper\gradle-wrapper.jar
Launcher Type: SUN_STANDARD

[Global flags]
     intx CICompilerCount                          = 4                                         {product} {ergonomic}
     uint ConcGCThreads                            = 2                                         {product} {ergonomic}
     uint G1ConcRefinementThreads                  = 8                                         {product} {ergonomic}
   size_t G1HeapRegionSize                         = 1048576                                   {product} {ergonomic}
    uintx GCDrainStackTargetSize                   = 64                                        {product} {ergonomic}
   size_t InitialHeapSize                          = 67108864                                  {product} {command line}
   size_t MarkStackSize                            = 4194304                                   {product} {ergonomic}
   size_t MaxHeapSize                              = 67108864                                  {product} {command line}
   size_t MaxNewSize                               = 39845888                                  {product} {ergonomic}
   size_t MinHeapDeltaBytes                        = 1048576                                   {product} {ergonomic}
   size_t MinHeapSize                              = 67108864                                  {product} {command line}
    uintx NonNMethodCodeHeapSize                   = 5839372                                {pd product} {ergonomic}
    uintx NonProfiledCodeHeapSize                  = 122909434                              {pd product} {ergonomic}
    uintx ProfiledCodeHeapSize                     = 122909434                              {pd product} {ergonomic}
    uintx ReservedCodeCacheSize                    = 251658240                              {pd product} {ergonomic}
     bool SegmentedCodeCache                       = true                                      {product} {ergonomic}
   size_t SoftMaxHeapSize                          = 67108864                               {manageable} {ergonomic}
     bool UseCompressedClassPointers               = true                           {product lp64_product} {ergonomic}
     bool UseCompressedOops                        = true                           {product lp64_product} {ergonomic}
     bool UseG1GC                                  = true                                      {product} {ergonomic}
     bool UseLargePagesIndividualAllocation        = false                                  {pd product} {ergonomic}

Logging:
Log output configuration:
 #0: stdout all=warning uptime,level,tags
 #1: stderr all=off uptime,level,tags

Environment Variables:
JAVA_HOME=C:\Program Files\Java\jdk-17
CLASSPATH=C:\CPRG303\dropngo\android\\gradle\wrapper\gradle-wrapper.jar
PATH=C:\CPRG303\dropngo\node_modules\.bin;C:\CPRG303\dropngo\node_modules\.bin;C:\CPRG303\node_modules\.bin;C:\node_modules\.bin;C:\Users\Ahmad Baker\AppData\Roaming\npm\node_modules\npm\node_modules\@npmcli\run-script\lib\node-gyp-bin;C:\CPRG303\dropngo\node_modules\.bin;C:\CPRG303\dropngo\node_modules\.bin;C:\CPRG303\node_modules\.bin;C:\node_modules\.bin;C:\Users\Ahmad Baker\AppData\Roaming\npm\node_modules\npm\node_modules\@npmcli\run-script\lib\node-gyp-bin;C:\Program Files\Common Files\Oracle\Java\javapath;C:\dbhomeXE\dbhomeXE\bin;C:\Python312\Scripts\;C:\Python312\;C:\Python311\Scripts\;C:\Python311\;C:\windows\system32;C:\windows;C:\windows\System32\Wbem;C:\windows\System32\WindowsPowerShell\v1.0\;C:\windows\System32\OpenSSH\;C:\Program Files (x86)\NVIDIA Corporation\PhysX\Common;C:\WINDOWS\system32;C:\WINDOWS;C:\WINDOWS\System32\Wbem;C:\WINDOWS\System32\WindowsPowerShell\v1.0\;C:\WINDOWS\System32\OpenSSH\;C:\Program Files\Git\cmd;C:\ProgramData\chocolatey\bin;C:\Program Files\NVIDIA Corporation\NVIDIA NvDLISR;C:\Program Files\Mullvad VPN\resources;C:\Program Files\nodejs\;C:\Program Files\dotnet\;C:\Program Files\HP\HP One Agent;C:\Program Files\Java\jdk-17\bin;C:\Users\Ahmad Baker\AppData\Local\Microsoft\WindowsApps;C:\Users\Ahmad Baker\AppData\Local\Programs\Microsoft VS Code\bin;C:\Users\Ahmad Baker\AppData\Local\GitHubDesktop\bin;C:\Users\Ahmad Baker\AppData\Roaming\npm;C:\Users\Ahmad Baker\.dotnet\tools;C:\Users\Ahmad Baker\AppData\Local\Android\Sdk\platform-tools;C:\Users\Ahmad Baker\AppData\Local\Android\Sdk\tools;
USERNAME=Ahmad Baker
OS=Windows_NT
PROCESSOR_IDENTIFIER=Intel64 Family 6 Model 158 Stepping 10, GenuineIntel



---------------  S Y S T E M  ---------------

OS:
 Windows 11 , 64 bit Build 22621 (10.0.22621.4391)
OS uptime: 0 days 22:53 hours
Hyper-V role detected

CPU: total 8 (initial active 8) (4 cores per cpu, 2 threads per core) family 6 model 158 stepping 10 microcode 0xde, cx8, cmov, fxsr, ht, mmx, 3dnowpref, sse, sse2, sse3, ssse3, sse4.1, sse4.2, popcnt, lzcnt, tsc, tscinvbit, avx, avx2, aes, erms, clmul, bmi1, bmi2, adx, fma, vzeroupper, clflush, clflushopt, hv

Memory: 4k page, system-wide physical 8033M (1M free)
TotalPageFile size 32609M (AvailPageFile size 0M)
current process WorkingSet (physical memory assigned to process): 12M, peak: 103M
current process commit charge ("private bytes"): 167M, peak: 168M

vm_info: Java HotSpot(TM) 64-Bit Server VM (17.0.12+8-LTS-286) for windows-amd64 JRE (17.0.12+8-LTS-286), built on Jun  5 2024 06:46:59 by "mach5one" with MS VC++ 17.6 (VS2022)

END.
